<?xml version="1.0" encoding="utf-8"?>
<CoverageSession xmlns:xsd="http://www.w3.org/2001/XMLSchema" xmlns:xsi="http://www.w3.org/2001/XMLSchema-instance" Version="4.7.922.0">
  <Summary numSequencePoints="303" visitedSequencePoints="170" numBranchPoints="271" visitedBranchPoints="122" sequenceCoverage="56.11" branchCoverage="45.02" maxCyclomaticComplexity="13" minCyclomaticComplexity="1" maxCrapScore="182" minCrapScore="1" visitedClasses="29" numClasses="41" visitedMethods="88" numMethods="139" />
  <Modules>
    <Module skippedDueTo="Filter" hash="88-A3-61-E9-8A-56-C1-65-62-76-CE-A4-D2-18-9A-1A-EE-8B-E6-D9">
      <ModulePath>C:\WINDOWS\Microsoft.Net\assembly\GAC_32\mscorlib\v4.0_4.0.0.0__b77a5c561934e089\mscorlib.dll</ModulePath>
      <ModuleTime>2020-08-05T02:39:58Z</ModuleTime>
      <ModuleName>mscorlib</ModuleName>
      <Classes />
    </Module>
    <Module skippedDueTo="MissingPdb" hash="72-5B-42-62-C4-F8-AA-27-B7-C3-E9-E5-71-37-A7-CB-E1-4E-18-07">
      <ModulePath>C:\Program Files (x86)\Microsoft Visual Studio\2019\Professional\Common7\IDE\CommonExtensions\Microsoft\TestWindow\vstest.console.exe</ModulePath>
      <ModuleTime>2020-11-22T23:55:42.3228588Z</ModuleTime>
      <ModuleName>vstest.console</ModuleName>
      <Classes />
    </Module>
    <Module skippedDueTo="MissingPdb" hash="7D-C0-97-9A-55-B3-80-CA-C8-9A-3F-A5-EF-F2-93-47-3E-27-60-B1">
      <ModulePath>C:\Program Files (x86)\Microsoft Visual Studio\2019\Professional\Common7\IDE\Extensions\TestPlatform\vstest.console.exe</ModulePath>
      <ModuleTime>2020-11-22T23:55:46.0679975Z</ModuleTime>
      <ModuleName>vstest.console</ModuleName>
      <Classes />
    </Module>
    <Module skippedDueTo="MissingPdb" hash="52-CC-F7-33-8E-41-4B-53-F1-72-24-D5-2B-96-CF-A7-A7-C3-7A-67">
      <ModulePath>C:\Program Files (x86)\Microsoft Visual Studio\2019\Professional\Common7\IDE\Extensions\TestPlatform\Microsoft.TestPlatform.CoreUtilities.dll</ModulePath>
      <ModuleTime>2020-11-22T23:55:45.164405Z</ModuleTime>
      <ModuleName>Microsoft.TestPlatform.CoreUtilities</ModuleName>
      <Classes />
    </Module>
    <Module skippedDueTo="Filter" hash="A2-7F-56-AB-B3-E0-15-04-7E-AB-97-8C-FD-36-A6-90-65-D0-5D-3D">
      <ModulePath>C:\WINDOWS\Microsoft.Net\assembly\GAC_MSIL\System\v4.0_4.0.0.0__b77a5c561934e089\System.dll</ModulePath>
      <ModuleTime>2020-06-10T23:26:28.0020564Z</ModuleTime>
      <ModuleName>System</ModuleName>
      <Classes />
    </Module>
    <Module skippedDueTo="MissingPdb" hash="8C-C8-EA-43-CE-0F-45-32-02-BD-3A-E4-A7-2B-10-F9-70-64-53-FC">
      <ModulePath>C:\Program Files (x86)\Microsoft Visual Studio\2019\Professional\Common7\IDE\Extensions\TestPlatform\Microsoft.VisualStudio.TestPlatform.ObjectModel.dll</ModulePath>
      <ModuleTime>2020-11-22T23:55:45.5027056Z</ModuleTime>
      <ModuleName>Microsoft.VisualStudio.TestPlatform.ObjectModel</ModuleName>
      <Classes />
    </Module>
    <Module skippedDueTo="MissingPdb" hash="A6-69-79-9C-27-00-1C-D2-CD-19-92-B2-6D-40-17-61-89-96-E0-EF">
      <ModulePath>C:\Program Files (x86)\Microsoft Visual Studio\2019\Professional\Common7\IDE\Extensions\TestPlatform\Microsoft.VisualStudio.TestPlatform.Client.dll</ModulePath>
      <ModuleTime>2020-11-22T23:55:45.4877458Z</ModuleTime>
      <ModuleName>Microsoft.VisualStudio.TestPlatform.Client</ModuleName>
      <Classes />
    </Module>
    <Module skippedDueTo="MissingPdb" hash="F2-DC-FD-6A-79-3A-33-F3-A9-FC-22-58-B1-17-BD-0B-29-FB-3A-01">
      <ModulePath>C:\Program Files (x86)\Microsoft Visual Studio\2019\Professional\Common7\IDE\Extensions\TestPlatform\Microsoft.VisualStudio.TestPlatform.Common.dll</ModulePath>
      <ModuleTime>2020-11-22T23:55:45.4957259Z</ModuleTime>
      <ModuleName>Microsoft.VisualStudio.TestPlatform.Common</ModuleName>
      <Classes />
    </Module>
    <Module skippedDueTo="Filter" hash="DD-2B-09-F3-E3-AA-9E-F0-08-DB-26-EF-FB-7E-84-DD-5B-EA-34-FD">
      <ModulePath>C:\WINDOWS\Microsoft.Net\assembly\GAC_MSIL\System.Core\v4.0_4.0.0.0__b77a5c561934e089\System.Core.dll</ModulePath>
      <ModuleTime>2020-09-04T22:37:06.4010728Z</ModuleTime>
      <ModuleName>System.Core</ModuleName>
      <Classes />
    </Module>
    <Module skippedDueTo="MissingPdb" hash="74-FE-A2-EF-DF-FA-23-A2-44-5D-55-4B-D7-FB-D6-3F-B9-AE-BA-1A">
      <ModulePath>C:\Program Files (x86)\Microsoft Visual Studio\2019\Professional\Common7\IDE\Extensions\TestPlatform\Microsoft.TestPlatform.PlatformAbstractions.dll</ModulePath>
      <ModuleTime>2020-11-22T23:55:45.1733835Z</ModuleTime>
      <ModuleName>Microsoft.TestPlatform.PlatformAbstractions</ModuleName>
      <Classes />
    </Module>
    <Module skippedDueTo="Filter" hash="DA-72-DA-8C-56-D2-30-3A-A5-9C-B3-A9-A9-6F-D8-2F-60-43-B5-A9">
      <ModulePath>C:\WINDOWS\Microsoft.Net\assembly\GAC_MSIL\System.Xml\v4.0_4.0.0.0__b77a5c561934e089\System.Xml.dll</ModulePath>
      <ModuleTime>2019-12-07T09:10:37.7737543Z</ModuleTime>
      <ModuleName>System.Xml</ModuleName>
      <Classes />
    </Module>
    <Module skippedDueTo="MissingPdb" hash="E8-D1-D2-D4-CF-9A-37-0B-09-BA-55-31-2E-19-2F-9F-5B-6C-21-94">
      <ModulePath>C:\Program Files (x86)\Microsoft Visual Studio\2019\Professional\Common7\IDE\Extensions\TestPlatform\Microsoft.TestPlatform.Utilities.dll</ModulePath>
      <ModuleTime>2020-11-22T23:55:45.1773726Z</ModuleTime>
      <ModuleName>Microsoft.TestPlatform.Utilities</ModuleName>
      <Classes />
    </Module>
    <Module skippedDueTo="MissingPdb" hash="80-91-72-00-BE-FA-61-CA-EB-48-F5-FE-C2-FA-FE-90-6B-0E-F5-E8">
      <ModulePath>C:\Program Files (x86)\Microsoft Visual Studio\2019\Professional\Common7\IDE\Extensions\TestPlatform\NuGet.Frameworks.dll</ModulePath>
      <ModuleTime>2020-11-22T23:55:45.7302196Z</ModuleTime>
      <ModuleName>NuGet.Frameworks</ModuleName>
      <Classes />
    </Module>
    <Module skippedDueTo="Filter" hash="C8-2E-64-82-9F-3E-E5-68-28-EC-A3-5B-05-18-0A-CC-70-C1-0D-04">
      <ModulePath>C:\WINDOWS\Microsoft.Net\assembly\GAC_MSIL\System.Configuration\v4.0_4.0.0.0__b03f5f7f11d50a3a\System.Configuration.dll</ModulePath>
      <ModuleTime>2020-06-05T05:04:05.335002Z</ModuleTime>
      <ModuleName>System.Configuration</ModuleName>
      <Classes />
    </Module>
    <Module skippedDueTo="MissingPdb" hash="21-A3-50-7A-BB-F9-3B-97-D0-86-7E-29-16-61-36-5D-B1-E9-BA-8A">
      <ModulePath>C:\Program Files (x86)\Microsoft Visual Studio\2019\Professional\Common7\IDE\Extensions\TestPlatform\Microsoft.Extensions.FileSystemGlobbing.dll</ModulePath>
      <ModuleTime>2020-11-22T23:55:45.0963788Z</ModuleTime>
      <ModuleName>Microsoft.Extensions.FileSystemGlobbing</ModuleName>
      <Classes />
    </Module>
    <Module skippedDueTo="MissingPdb" hash="78-16-77-DF-3D-BF-26-C2-86-30-EA-0D-A4-C2-6F-54-F6-9C-F8-10">
      <ModulePath>C:\Program Files (x86)\Microsoft Visual Studio\2019\Professional\Common7\IDE\Extensions\TestPlatform\Microsoft.TestPlatform.CrossPlatEngine.dll</ModulePath>
      <ModuleTime>2020-11-22T23:55:45.1714329Z</ModuleTime>
      <ModuleName>Microsoft.TestPlatform.CrossPlatEngine</ModuleName>
      <Classes />
    </Module>
    <Module skippedDueTo="MissingPdb" hash="D9-7F-13-49-07-59-EF-B3-60-B1-A4-A8-8F-3E-90-92-59-6D-0D-47">
      <ModulePath>C:\Program Files (x86)\Microsoft Visual Studio\2019\Professional\Common7\IDE\Extensions\TestPlatform\Extensions\Microsoft.TestPlatform.Extensions.BlameDataCollector.dll</ModulePath>
      <ModuleTime>2020-11-22T23:55:44.398779Z</ModuleTime>
      <ModuleName>Microsoft.TestPlatform.Extensions.BlameDataCollector</ModuleName>
      <Classes />
    </Module>
    <Module skippedDueTo="MissingPdb" hash="59-5E-C2-EB-1C-5C-46-B2-F5-40-95-38-E0-0A-CC-6B-56-56-2E-A2">
      <ModulePath>C:\Program Files (x86)\Microsoft Visual Studio\2019\Professional\Common7\IDE\Extensions\TestPlatform\Extensions\Microsoft.TestPlatform.Extensions.EventLogCollector.dll</ModulePath>
      <ModuleTime>2020-11-22T23:55:44.4037658Z</ModuleTime>
      <ModuleName>Microsoft.TestPlatform.Extensions.EventLogCollector</ModuleName>
      <Classes />
    </Module>
    <Module skippedDueTo="MissingPdb" hash="53-A7-EC-47-09-5F-20-DE-57-12-35-77-FD-9A-5E-51-5C-21-03-2A">
      <ModulePath>C:\Program Files (x86)\Microsoft Visual Studio\2019\Professional\Common7\IDE\Extensions\TestPlatform\Extensions\Microsoft.TestPlatform.TestHostRuntimeProvider.dll</ModulePath>
      <ModuleTime>2020-11-22T23:55:44.4087516Z</ModuleTime>
      <ModuleName>Microsoft.TestPlatform.TestHostRuntimeProvider</ModuleName>
      <Classes />
    </Module>
    <Module skippedDueTo="MissingPdb" hash="8E-33-48-17-CA-F5-F5-F1-5F-20-3B-27-A8-F2-1C-A1-C1-E6-46-C6">
      <ModulePath>C:\Program Files (x86)\Microsoft Visual Studio\2019\Professional\Common7\IDE\Extensions\TestPlatform\Microsoft.VisualStudio.ArchitectureTools.PEReader.dll</ModulePath>
      <ModuleTime>2020-11-22T23:55:45.205398Z</ModuleTime>
      <ModuleName>Microsoft.VisualStudio.ArchitectureTools.PEReader</ModuleName>
      <Classes />
    </Module>
    <Module skippedDueTo="MissingPdb" hash="DF-F5-25-6D-B9-3D-D0-DE-5D-80-ED-16-5B-C2-96-6F-C0-F0-03-3C">
      <ModulePath>C:\Program Files (x86)\Microsoft Visual Studio\2019\Professional\Common7\IDE\Extensions\TestPlatform\Microsoft.VisualStudio.Coverage.Interop.dll</ModulePath>
      <ModuleTime>2020-11-22T23:55:45.2294704Z</ModuleTime>
      <ModuleName>Microsoft.VisualStudio.Coverage.Interop</ModuleName>
      <Classes />
    </Module>
    <Module skippedDueTo="MissingPdb" hash="1D-F5-D4-F7-A1-88-8F-1F-34-91-89-1B-C7-1E-30-B4-3E-1A-1E-E3">
      <ModulePath>C:\Program Files (x86)\Microsoft Visual Studio\2019\Professional\Common7\IDE\Extensions\TestPlatform\Extensions\Microsoft.VisualStudio.TestPlatform.Extensions.CodedWebTestAdapter.dll</ModulePath>
      <ModuleTime>2020-11-22T23:55:44.4835521Z</ModuleTime>
      <ModuleName>Microsoft.VisualStudio.TestPlatform.Extensions.CodedWebTestAdapter</ModuleName>
      <Classes />
    </Module>
    <Module skippedDueTo="MissingPdb" hash="18-BD-0B-F5-16-68-1D-75-D4-B9-DD-92-EB-78-F4-91-3F-D9-75-C2">
      <ModulePath>C:\Program Files (x86)\Microsoft Visual Studio\2019\Professional\Common7\IDE\Extensions\TestPlatform\Extensions\Microsoft.VisualStudio.TestPlatform.Extensions.TmiAdapter.dll</ModulePath>
      <ModuleTime>2020-11-22T23:55:44.5025011Z</ModuleTime>
      <ModuleName>Microsoft.VisualStudio.TestPlatform.Extensions.TmiAdapter</ModuleName>
      <Classes />
    </Module>
    <Module skippedDueTo="MissingPdb" hash="98-04-50-2E-45-23-1B-1F-A5-63-92-C2-5F-33-24-7A-C2-6A-E2-67">
      <ModulePath>C:\Program Files (x86)\Microsoft Visual Studio\2019\Professional\Common7\IDE\Extensions\TestPlatform\Microsoft.VisualStudio.QualityTools.Common.dll</ModulePath>
      <ModuleTime>2020-11-22T23:55:45.2902704Z</ModuleTime>
      <ModuleName>Microsoft.VisualStudio.QualityTools.Common</ModuleName>
      <Classes />
    </Module>
    <Module skippedDueTo="MissingPdb" hash="46-68-37-B3-49-49-46-CB-16-67-11-1A-3C-64-C9-64-6B-AF-72-CB">
      <ModulePath>C:\Program Files (x86)\Microsoft Visual Studio\2019\Professional\Common7\IDE\Extensions\TestPlatform\Extensions\Microsoft.VisualStudio.TestPlatform.Extensions.GenericTestAdapter.dll</ModulePath>
      <ModuleTime>2020-11-22T23:55:44.4865438Z</ModuleTime>
      <ModuleName>Microsoft.VisualStudio.TestPlatform.Extensions.GenericTestAdapter</ModuleName>
      <Classes />
    </Module>
    <Module skippedDueTo="MissingPdb" hash="C0-26-82-AB-9B-D2-3B-29-B2-70-DE-B1-73-77-EA-B6-E8-A7-6B-C7">
      <ModulePath>C:\Program Files (x86)\Microsoft Visual Studio\2019\Professional\Common7\IDE\Extensions\TestPlatform\Extensions\Microsoft.VisualStudio.TestPlatform.Extensions.Html.TestLogger.dll</ModulePath>
      <ModuleTime>2020-11-22T23:55:44.4915309Z</ModuleTime>
      <ModuleName>Microsoft.VisualStudio.TestPlatform.Extensions.Html.TestLogger</ModuleName>
      <Classes />
    </Module>
    <Module skippedDueTo="MissingPdb" hash="16-F3-60-52-6F-63-81-46-4C-34-CC-8B-5D-1E-38-AD-55-FB-9B-37">
      <ModulePath>C:\Program Files (x86)\Microsoft Visual Studio\2019\Professional\Common7\IDE\Extensions\TestPlatform\Extensions\Microsoft.VisualStudio.TestPlatform.Extensions.OrderedTestAdapter.dll</ModulePath>
      <ModuleTime>2020-11-22T23:55:44.4965176Z</ModuleTime>
      <ModuleName>Microsoft.VisualStudio.TestPlatform.Extensions.OrderedTestAdapter</ModuleName>
      <Classes />
    </Module>
    <Module skippedDueTo="MissingPdb" hash="EC-4A-96-01-44-D5-48-7A-06-AB-DA-39-D9-26-19-E4-C0-E3-E2-2F">
      <ModulePath>C:\Program Files (x86)\Microsoft Visual Studio\2019\Professional\Common7\IDE\Extensions\TestPlatform\Extensions\Microsoft.VisualStudio.TestPlatform.Extensions.Trx.TestLogger.dll</ModulePath>
      <ModuleTime>2020-11-22T23:55:44.51048Z</ModuleTime>
      <ModuleName>Microsoft.VisualStudio.TestPlatform.Extensions.Trx.TestLogger</ModuleName>
      <Classes />
    </Module>
    <Module skippedDueTo="MissingPdb" hash="DB-3F-9F-AF-81-65-85-1F-9D-84-D2-5A-A4-21-E0-CF-CB-EE-9E-1A">
      <ModulePath>C:\Program Files (x86)\Microsoft Visual Studio\2019\Professional\Common7\IDE\Extensions\TestPlatform\Extensions\Microsoft.VisualStudio.TestPlatform.Extensions.VSTestIntegration.dll</ModulePath>
      <ModuleTime>2020-11-22T23:55:44.5224479Z</ModuleTime>
      <ModuleName>Microsoft.VisualStudio.TestPlatform.Extensions.VSTestIntegration</ModuleName>
      <Classes />
    </Module>
    <Module skippedDueTo="MissingPdb" hash="57-0B-96-56-D9-D4-E4-AB-25-A8-DE-40-36-A4-9D-EC-B5-20-E5-3F">
      <ModulePath>C:\Program Files (x86)\Microsoft Visual Studio\2019\Professional\Common7\IDE\Extensions\TestPlatform\Microsoft.VisualStudio.QualityTools.UnitTestFramework.dll</ModulePath>
      <ModuleTime>2020-11-22T23:55:45.4618181Z</ModuleTime>
      <ModuleName>Microsoft.VisualStudio.QualityTools.UnitTestFramework</ModuleName>
      <Classes />
    </Module>
    <Module skippedDueTo="Filter" hash="72-A3-7E-C1-C3-DF-5F-24-DB-60-00-05-87-2A-9E-28-53-99-BA-4B">
      <ModulePath>C:\WINDOWS\Microsoft.Net\assembly\GAC_32\System.Data\v4.0_4.0.0.0__b77a5c561934e089\System.Data.dll</ModulePath>
      <ModuleTime>2020-09-04T22:37:08Z</ModuleTime>
      <ModuleName>System.Data</ModuleName>
      <Classes />
    </Module>
    <Module skippedDueTo="MissingPdb" hash="5A-1E-CD-C4-DB-0C-DF-EB-C6-1E-68-93-B1-EA-8E-44-F5-88-B9-0C">
      <ModulePath>C:\Program Files (x86)\Microsoft Visual Studio\2019\Professional\Common7\IDE\Extensions\TestPlatform\Extensions\Microsoft.VisualStudio.TestPlatform.Extensions.WebTestAdapter.dll</ModulePath>
      <ModuleTime>2020-11-22T23:55:44.5254404Z</ModuleTime>
      <ModuleName>Microsoft.VisualStudio.TestPlatform.Extensions.WebTestAdapter</ModuleName>
      <Classes />
    </Module>
    <Module skippedDueTo="MissingPdb" hash="21-65-12-66-26-34-CD-C5-91-D8-7D-87-EC-CF-4D-50-25-E0-F5-1A">
      <ModulePath>C:\Program Files (x86)\Microsoft Visual Studio\2019\Professional\Common7\IDE\Extensions\TestPlatform\Extensions\Microsoft.VisualStudio.TestTools.CppUnitTestFramework.ComInterfaces.dll</ModulePath>
      <ModuleTime>2020-11-22T23:55:44.5284321Z</ModuleTime>
      <ModuleName>Microsoft.VisualStudio.TestTools.CppUnitTestFramework.ComInterfaces</ModuleName>
      <Classes />
    </Module>
    <Module skippedDueTo="MissingPdb" hash="64-FA-DF-19-78-2D-5B-8F-26-20-07-25-2D-6D-03-30-B0-B2-DF-15">
      <ModulePath>C:\Program Files (x86)\Microsoft Visual Studio\2019\Professional\Common7\IDE\Extensions\TestPlatform\Extensions\Microsoft.VisualStudio.TestTools.CppUnitTestFramework.CppUnitTestExtension.dll</ModulePath>
      <ModuleTime>2020-11-22T23:55:44.5344159Z</ModuleTime>
      <ModuleName>Microsoft.VisualStudio.TestTools.CppUnitTestFramework.CppUnitTestExtension</ModuleName>
      <Classes />
    </Module>
    <Module skippedDueTo="MissingPdb" hash="C8-9D-8B-1D-6F-7E-BA-56-4C-20-91-48-AE-3D-41-D5-94-69-F6-66">
      <ModulePath>C:\Program Files (x86)\Microsoft Visual Studio\2019\Professional\Common7\IDE\Extensions\TestPlatform\Extensions\Microsoft.VisualStudio.TestTools.DataCollection.MediaRecorder.Model.dll</ModulePath>
      <ModuleTime>2020-11-22T23:55:44.5374083Z</ModuleTime>
      <ModuleName>Microsoft.VisualStudio.TestTools.DataCollection.MediaRecorder.Model</ModuleName>
      <Classes />
    </Module>
    <Module skippedDueTo="MissingPdb" hash="A1-EF-14-6A-23-6F-9A-13-7C-62-4A-AD-FA-AE-E7-D0-C7-88-52-37">
      <ModulePath>C:\Program Files (x86)\Microsoft Visual Studio\2019\Professional\Common7\IDE\Extensions\TestPlatform\Extensions\Microsoft.VisualStudio.TestTools.DataCollection.VideoRecorderCollector.dll</ModulePath>
      <ModuleTime>2020-11-22T23:55:44.5423948Z</ModuleTime>
      <ModuleName>Microsoft.VisualStudio.TestTools.DataCollection.VideoRecorderCollector</ModuleName>
      <Classes />
    </Module>
    <Module skippedDueTo="MissingPdb" hash="28-68-70-3E-A1-6D-4E-78-E4-37-57-6B-7D-57-AC-48-D8-3C-BB-49">
      <ModulePath>C:\Program Files (x86)\Microsoft Visual Studio\2019\Professional\Common7\IDE\Extensions\TestPlatform\Extensions\Microsoft.VisualStudio.TraceDataCollector.dll</ModulePath>
      <ModuleTime>2020-11-22T23:55:44.5513705Z</ModuleTime>
      <ModuleName>Microsoft.VisualStudio.TraceDataCollector</ModuleName>
      <Classes />
    </Module>
    <Module skippedDueTo="MissingPdb" hash="B8-3D-83-4A-96-9F-F0-2F-F0-36-70-70-B9-EC-A6-CE-86-0E-15-36">
      <ModulePath>C:\Program Files (x86)\Microsoft Visual Studio\2019\Professional\Common7\IDE\Extensions\TestPlatform\Microsoft.IntelliTrace.Core.dll</ModulePath>
      <ModuleTime>2020-11-22T23:55:45.1513101Z</ModuleTime>
      <ModuleName>Microsoft.IntelliTrace.Core</ModuleName>
      <Classes />
    </Module>
    <Module skippedDueTo="Filter" hash="F1-D3-C4-19-F0-A3-97-CA-EE-78-EA-BA-5F-97-56-C8-6D-7F-01-45">
      <ModulePath>C:\Program Files (x86)\Microsoft Visual Studio\2019\Professional\Common7\IDE\Extensions\TestPlatform\System.Reflection.Metadata.dll</ModulePath>
      <ModuleTime>2020-11-22T23:55:45.921122Z</ModuleTime>
      <ModuleName>System.Reflection.Metadata</ModuleName>
      <Classes />
    </Module>
    <Module skippedDueTo="Filter" hash="69-5D-5D-9B-F7-23-8F-39-AB-08-BC-FE-2D-BB-F7-A6-09-5F-62-AF">
      <ModulePath>C:\WINDOWS\Microsoft.Net\assembly\GAC_MSIL\System.Runtime\v4.0_4.0.0.0__b03f5f7f11d50a3a\System.Runtime.dll</ModulePath>
      <ModuleTime>2019-12-07T09:10:34.4923358Z</ModuleTime>
      <ModuleName>System.Runtime</ModuleName>
      <Classes />
    </Module>
    <Module skippedDueTo="Filter" hash="1A-C0-32-0E-C5-53-1C-78-D4-5F-19-7F-02-40-91-22-61-53-E5-46">
      <ModulePath>C:\WINDOWS\Microsoft.Net\assembly\GAC_MSIL\System.Runtime.InteropServices\v4.0_4.0.0.0__b03f5f7f11d50a3a\System.Runtime.InteropServices.dll</ModulePath>
      <ModuleTime>2019-12-07T09:10:35.9300981Z</ModuleTime>
      <ModuleName>System.Runtime.InteropServices</ModuleName>
      <Classes />
    </Module>
    <Module skippedDueTo="Filter" hash="8E-25-51-80-B6-FC-23-97-DE-18-0B-AA-0D-F2-A4-AD-97-C1-6A-8D">
      <ModulePath>C:\WINDOWS\Microsoft.Net\assembly\GAC_MSIL\System.IO\v4.0_4.0.0.0__b03f5f7f11d50a3a\System.IO.dll</ModulePath>
      <ModuleTime>2019-12-07T09:10:34.5552678Z</ModuleTime>
      <ModuleName>System.IO</ModuleName>
      <Classes />
    </Module>
    <Module skippedDueTo="Filter" hash="FB-BF-29-CE-7B-65-70-2C-55-E7-9A-03-D5-24-9F-04-A1-39-0C-A6">
      <ModulePath>C:\Program Files (x86)\Microsoft Visual Studio\2019\Professional\Common7\IDE\Extensions\TestPlatform\System.Collections.Immutable.dll</ModulePath>
      <ModuleTime>2020-11-22T23:55:45.9041686Z</ModuleTime>
      <ModuleName>System.Collections.Immutable</ModuleName>
      <Classes />
    </Module>
    <Module skippedDueTo="Filter" hash="A9-B8-38-52-F8-47-F1-F7-B1-42-BD-5D-0D-13-50-FA-8A-F5-08-DC">
      <ModulePath>C:\WINDOWS\Microsoft.Net\assembly\GAC_MSIL\System.Reflection\v4.0_4.0.0.0__b03f5f7f11d50a3a\System.Reflection.dll</ModulePath>
      <ModuleTime>2019-12-07T09:10:36.0237545Z</ModuleTime>
      <ModuleName>System.Reflection</ModuleName>
      <Classes />
    </Module>
    <Module skippedDueTo="Filter" hash="29-E2-55-07-C8-69-DD-86-D5-1E-15-EB-9A-30-ED-35-C2-B9-03-56">
      <ModulePath>C:\WINDOWS\Microsoft.Net\assembly\GAC_MSIL\System.IO.FileSystem\v4.0_4.0.0.0__b03f5f7f11d50a3a\System.IO.FileSystem.dll</ModulePath>
      <ModuleTime>2019-12-07T09:10:36.0095245Z</ModuleTime>
      <ModuleName>System.IO.FileSystem</ModuleName>
      <Classes />
    </Module>
    <Module skippedDueTo="Filter" hash="A5-4A-8D-3E-92-F3-E6-8A-37-31-3B-55-FF-F9-42-71-EA-75-C1-69">
      <ModulePath>C:\WINDOWS\Microsoft.Net\assembly\GAC_MSIL\System.IO.MemoryMappedFiles\v4.0_4.0.0.0__b03f5f7f11d50a3a\System.IO.MemoryMappedFiles.dll</ModulePath>
      <ModuleTime>2019-12-07T09:10:34.5552678Z</ModuleTime>
      <ModuleName>System.IO.MemoryMappedFiles</ModuleName>
      <Classes />
    </Module>
    <Module skippedDueTo="Filter" hash="43-A6-0D-38-57-A9-43-74-96-CC-94-35-A8-4D-BE-B5-A6-1E-21-29">
      <ModulePath>C:\WINDOWS\Microsoft.Net\assembly\GAC_MSIL\System.Runtime.Handles\v4.0_4.0.0.0__b03f5f7f11d50a3a\System.Runtime.Handles.dll</ModulePath>
      <ModuleTime>2019-12-07T09:10:37.6643716Z</ModuleTime>
      <ModuleName>System.Runtime.Handles</ModuleName>
      <Classes />
    </Module>
    <Module skippedDueTo="Filter" hash="0D-4A-54-7F-D3-8D-3F-CB-0E-41-6D-19-BA-DE-3E-8E-24-AC-CF-F5">
      <ModulePath>C:\WINDOWS\Microsoft.Net\assembly\GAC_MSIL\System.Reflection.Extensions\v4.0_4.0.0.0__b03f5f7f11d50a3a\System.Reflection.Extensions.dll</ModulePath>
      <ModuleTime>2019-12-07T09:10:37.7113237Z</ModuleTime>
      <ModuleName>System.Reflection.Extensions</ModuleName>
      <Classes />
    </Module>
    <Module skippedDueTo="Filter" hash="C6-18-EC-70-A3-C4-0D-6D-5D-3C-70-6D-21-0F-07-83-E2-12-E9-30">
      <ModulePath>C:\WINDOWS\Microsoft.Net\assembly\GAC_MSIL\System.Threading\v4.0_4.0.0.0__b03f5f7f11d50a3a\System.Threading.dll</ModulePath>
      <ModuleTime>2019-12-07T09:10:34.5860246Z</ModuleTime>
      <ModuleName>System.Threading</ModuleName>
      <Classes />
    </Module>
    <Module skippedDueTo="Filter" hash="3B-54-9E-DF-F9-FC-C4-94-AC-51-5D-4C-31-68-2A-24-99-9B-3C-FA">
      <ModulePath>C:\WINDOWS\Microsoft.Net\assembly\GAC_MSIL\System.Text.Encoding\v4.0_4.0.0.0__b03f5f7f11d50a3a\System.Text.Encoding.dll</ModulePath>
      <ModuleTime>2019-12-07T09:10:36.0705812Z</ModuleTime>
      <ModuleName>System.Text.Encoding</ModuleName>
      <Classes />
    </Module>
    <Module skippedDueTo="Filter" hash="E6-96-E0-ED-94-95-52-F4-BC-21-B7-D5-9B-3E-92-E7-68-62-3B-E3">
      <ModulePath>C:\WINDOWS\Microsoft.Net\assembly\GAC_MSIL\System.Runtime.Extensions\v4.0_4.0.0.0__b03f5f7f11d50a3a\System.Runtime.Extensions.dll</ModulePath>
      <ModuleTime>2019-12-07T09:10:37.6174386Z</ModuleTime>
      <ModuleName>System.Runtime.Extensions</ModuleName>
      <Classes />
    </Module>
    <Module skippedDueTo="Filter" hash="A9-B5-99-95-3D-BC-63-C8-0C-36-BC-93-7E-F1-FA-63-10-36-B9-50">
      <ModulePath>C:\WINDOWS\Microsoft.Net\assembly\GAC_MSIL\System.Text.Encoding.Extensions\v4.0_4.0.0.0__b03f5f7f11d50a3a\System.Text.Encoding.Extensions.dll</ModulePath>
      <ModuleTime>2019-12-07T09:10:36.1495949Z</ModuleTime>
      <ModuleName>System.Text.Encoding.Extensions</ModuleName>
      <Classes />
    </Module>
    <Module skippedDueTo="MissingPdb" hash="BB-CA-02-A4-89-49-32-0E-55-F9-C0-78-EB-63-AF-47-66-20-1E-15">
      <ModulePath>C:\Program Files (x86)\Microsoft Visual Studio\2019\Professional\Common7\IDE\Extensions\TestPlatform\Microsoft.TestPlatform.CommunicationUtilities.dll</ModulePath>
      <ModuleTime>2020-11-22T23:55:45.1614153Z</ModuleTime>
      <ModuleName>Microsoft.TestPlatform.CommunicationUtilities</ModuleName>
      <Classes />
    </Module>
    <Module skippedDueTo="MissingPdb" hash="B5-1B-96-FC-E9-14-AA-DD-50-9B-EE-C3-63-9E-D8-B5-80-68-BF-6A">
      <ModulePath>C:\Program Files (x86)\Microsoft Visual Studio\2019\Professional\Common7\IDE\Extensions\TestPlatform\Newtonsoft.Json.dll</ModulePath>
      <ModuleTime>2020-11-22T23:55:45.7252313Z</ModuleTime>
      <ModuleName>Newtonsoft.Json</ModuleName>
      <Classes />
    </Module>
    <Module skippedDueTo="Filter" hash="E8-17-58-53-B3-AF-2B-F3-C5-CD-B0-72-6C-F3-BC-1F-B5-B7-47-A8">
      <ModulePath>C:\Program Files\dotnet\shared\Microsoft.NETCore.App\3.1.9\System.Private.CoreLib.dll</ModulePath>
      <ModuleTime>2020-09-22T20:29:36Z</ModuleTime>
      <ModuleName>System.Private.CoreLib</ModuleName>
      <Classes />
    </Module>
    <Module skippedDueTo="MissingPdb" hash="D3-BC-93-B1-65-8C-B6-A6-06-DE-D1-F6-2E-4F-A1-4F-E0-0A-8A-B0">
      <ModulePath>F:\Desktop\library\Tests\bin\Debug\netcoreapp3.1\testhost.dll</ModulePath>
      <ModuleTime>2020-08-19T13:36:10Z</ModuleTime>
      <ModuleName>testhost</ModuleName>
      <Classes />
    </Module>
    <Module skippedDueTo="Filter" hash="C5-0B-07-EF-7A-61-7A-99-30-F2-63-71-AA-42-E0-CC-91-BB-FC-07">
      <ModulePath>C:\Program Files\dotnet\shared\Microsoft.NETCore.App\3.1.9\System.Runtime.dll</ModulePath>
      <ModuleTime>2020-09-23T10:06:56Z</ModuleTime>
      <ModuleName>System.Runtime</ModuleName>
      <Classes />
    </Module>
    <Module skippedDueTo="MissingPdb" hash="8B-D3-CA-0C-E8-E3-72-5B-BC-AE-D8-4B-57-0A-BD-5A-18-09-4E-B0">
      <ModulePath>F:\Desktop\library\Tests\bin\Debug\netcoreapp3.1\Microsoft.TestPlatform.CoreUtilities.dll</ModulePath>
      <ModuleTime>2020-08-19T13:36:08Z</ModuleTime>
      <ModuleName>Microsoft.TestPlatform.CoreUtilities</ModuleName>
      <Classes />
    </Module>
    <Module skippedDueTo="MissingPdb" hash="84-48-B0-1C-CC-25-05-23-54-96-F5-FC-02-3F-3B-20-BA-FB-39-0D">
      <ModulePath>C:\Program Files\dotnet\shared\Microsoft.NETCore.App\3.1.9\netstandard.dll</ModulePath>
      <ModuleTime>2020-09-23T10:06:52Z</ModuleTime>
      <ModuleName>netstandard</ModuleName>
      <Classes />
    </Module>
    <Module skippedDueTo="Filter" hash="5A-FB-C0-18-35-0F-BF-33-E9-09-93-73-65-6C-AA-BA-FB-28-5E-B0">
      <ModulePath>C:\Program Files\dotnet\shared\Microsoft.NETCore.App\3.1.9\System.Diagnostics.Tracing.dll</ModulePath>
      <ModuleTime>2020-09-23T10:07:00Z</ModuleTime>
      <ModuleName>System.Diagnostics.Tracing</ModuleName>
      <Classes />
    </Module>
    <Module skippedDueTo="MissingPdb" hash="E7-20-16-DF-83-1F-E3-8B-B3-00-18-95-5E-70-98-E9-AF-9E-E6-93">
      <ModulePath>F:\Desktop\library\Tests\bin\Debug\netcoreapp3.1\Microsoft.TestPlatform.PlatformAbstractions.dll</ModulePath>
      <ModuleTime>2020-08-19T13:36:08Z</ModuleTime>
      <ModuleName>Microsoft.TestPlatform.PlatformAbstractions</ModuleName>
      <Classes />
    </Module>
    <Module skippedDueTo="Filter" hash="E4-CC-CF-B9-3C-B6-1F-E5-6D-4C-FD-DD-44-FD-E5-AC-BF-9C-A6-49">
      <ModulePath>C:\Program Files\dotnet\shared\Microsoft.NETCore.App\3.1.9\System.Runtime.Extensions.dll</ModulePath>
      <ModuleTime>2020-09-23T10:06:56Z</ModuleTime>
      <ModuleName>System.Runtime.Extensions</ModuleName>
      <Classes />
    </Module>
    <Module skippedDueTo="Filter" hash="B4-0F-D9-E5-08-79-7C-FE-AF-CB-3A-0F-6B-D3-0B-27-98-A7-6A-3B">
      <ModulePath>C:\Program Files\dotnet\shared\Microsoft.NETCore.App\3.1.9\System.Diagnostics.Debug.dll</ModulePath>
      <ModuleTime>2020-09-23T10:06:58Z</ModuleTime>
      <ModuleName>System.Diagnostics.Debug</ModuleName>
      <Classes />
    </Module>
    <Module skippedDueTo="Filter" hash="75-5C-A3-B3-4C-5B-DF-41-91-A2-A8-84-EB-65-A9-75-67-6F-00-2F">
      <ModulePath>C:\Program Files\dotnet\shared\Microsoft.NETCore.App\3.1.9\System.Collections.dll</ModulePath>
      <ModuleTime>2020-09-23T10:06:54Z</ModuleTime>
      <ModuleName>System.Collections</ModuleName>
      <Classes />
    </Module>
    <Module skippedDueTo="MissingPdb" hash="DE-64-C7-6B-E8-53-17-D5-07-22-7A-2C-B6-51-7C-46-9E-02-BC-4A">
      <ModulePath>F:\Desktop\library\Tests\bin\Debug\netcoreapp3.1\Microsoft.TestPlatform.CrossPlatEngine.dll</ModulePath>
      <ModuleTime>2020-08-19T13:36:10Z</ModuleTime>
      <ModuleName>Microsoft.TestPlatform.CrossPlatEngine</ModuleName>
      <Classes />
    </Module>
    <Module skippedDueTo="MissingPdb" hash="E2-9A-D8-5D-A9-D4-2D-52-57-59-F4-15-7E-73-91-BC-FD-8B-76-38">
      <ModulePath>F:\Desktop\library\Tests\bin\Debug\netcoreapp3.1\Microsoft.TestPlatform.CommunicationUtilities.dll</ModulePath>
      <ModuleTime>2020-08-19T13:36:10Z</ModuleTime>
      <ModuleName>Microsoft.TestPlatform.CommunicationUtilities</ModuleName>
      <Classes />
    </Module>
    <Module skippedDueTo="MissingPdb" hash="F0-06-21-B0-5E-2C-B3-2A-B6-FF-AD-4E-EB-6C-0F-CF-11-A4-93-70">
      <ModulePath>F:\Desktop\library\Tests\bin\Debug\netcoreapp3.1\Microsoft.VisualStudio.TestPlatform.ObjectModel.dll</ModulePath>
      <ModuleTime>2020-08-19T13:36:08Z</ModuleTime>
      <ModuleName>Microsoft.VisualStudio.TestPlatform.ObjectModel</ModuleName>
      <Classes />
    </Module>
    <Module skippedDueTo="MissingPdb" hash="A9-35-8B-D0-24-BC-9F-89-49-1E-A8-32-AB-83-D2-EC-B0-C9-3B-6C">
      <ModulePath>F:\Desktop\library\Tests\bin\Debug\netcoreapp3.1\Microsoft.VisualStudio.TestPlatform.Common.dll</ModulePath>
      <ModuleTime>2020-08-19T13:36:10Z</ModuleTime>
      <ModuleName>Microsoft.VisualStudio.TestPlatform.Common</ModuleName>
      <Classes />
    </Module>
    <Module skippedDueTo="MissingPdb" hash="FC-B1-09-E5-22-16-6B-25-6D-30-9D-DF-40-6E-AA-B9-99-37-B2-45">
      <ModulePath>F:\Desktop\library\Tests\bin\Debug\netcoreapp3.1\Newtonsoft.Json.dll</ModulePath>
      <ModuleTime>2019-06-26T13:58:46.2929948Z</ModuleTime>
      <ModuleName>Newtonsoft.Json</ModuleName>
      <Classes />
    </Module>
    <Module skippedDueTo="Filter" hash="ED-DD-36-7C-3E-CD-41-3B-EB-25-57-16-9C-6F-E9-F7-6E-5C-A0-83">
      <ModulePath>C:\Program Files\dotnet\shared\Microsoft.NETCore.App\3.1.9\System.Runtime.Serialization.Primitives.dll</ModulePath>
      <ModuleTime>2020-09-23T10:06:58Z</ModuleTime>
      <ModuleName>System.Runtime.Serialization.Primitives</ModuleName>
      <Classes />
    </Module>
    <Module skippedDueTo="Filter" hash="BC-75-DE-6F-8B-4F-DA-00-A7-F4-11-15-CA-8C-1B-42-F6-5A-EC-BA">
      <ModulePath>C:\Program Files\dotnet\shared\Microsoft.NETCore.App\3.1.9\System.Globalization.dll</ModulePath>
      <ModuleTime>2020-09-23T10:07:00Z</ModuleTime>
      <ModuleName>System.Globalization</ModuleName>
      <Classes />
    </Module>
    <Module skippedDueTo="Filter" hash="47-E6-41-24-74-E6-DF-13-CB-96-AD-74-6C-F1-FB-8A-0B-95-D0-49">
      <ModulePath>C:\Program Files\dotnet\shared\Microsoft.NETCore.App\3.1.9\System.Threading.dll</ModulePath>
      <ModuleTime>2020-09-23T10:07:04Z</ModuleTime>
      <ModuleName>System.Threading</ModuleName>
      <Classes />
    </Module>
    <Module skippedDueTo="Filter" hash="2B-36-FE-B6-96-B8-70-FB-64-4C-18-59-2C-2B-D9-3B-59-12-25-9C">
      <ModulePath>C:\Program Files\dotnet\shared\Microsoft.NETCore.App\3.1.9\System.Diagnostics.TraceSource.dll</ModulePath>
      <ModuleTime>2020-09-23T10:07:00Z</ModuleTime>
      <ModuleName>System.Diagnostics.TraceSource</ModuleName>
      <Classes />
    </Module>
    <Module skippedDueTo="Filter" hash="73-5D-56-A1-F6-B2-13-6C-D5-B7-00-E8-64-4D-5F-1C-0C-CC-17-B9">
      <ModulePath>C:\Program Files\dotnet\shared\Microsoft.NETCore.App\3.1.9\System.Runtime.InteropServices.RuntimeInformation.dll</ModulePath>
      <ModuleTime>2020-09-23T10:07:04Z</ModuleTime>
      <ModuleName>System.Runtime.InteropServices.RuntimeInformation</ModuleName>
      <Classes />
    </Module>
    <Module skippedDueTo="Filter" hash="32-05-DF-9E-12-18-0E-7B-45-4F-99-82-6D-70-EF-6B-93-C6-2E-00">
      <ModulePath>C:\Program Files\dotnet\shared\Microsoft.NETCore.App\3.1.9\System.Diagnostics.Process.dll</ModulePath>
      <ModuleTime>2020-09-23T10:06:58Z</ModuleTime>
      <ModuleName>System.Diagnostics.Process</ModuleName>
      <Classes />
    </Module>
    <Module skippedDueTo="Filter" hash="E3-7A-FE-69-20-DE-92-3C-03-95-A9-5A-6A-F8-10-FC-D8-80-19-94">
      <ModulePath>C:\Program Files\dotnet\shared\Microsoft.NETCore.App\3.1.9\System.ComponentModel.Primitives.dll</ModulePath>
      <ModuleTime>2020-09-23T10:06:54Z</ModuleTime>
      <ModuleName>System.ComponentModel.Primitives</ModuleName>
      <Classes />
    </Module>
    <Module skippedDueTo="Filter" hash="67-74-83-4C-01-D0-A2-79-17-78-A7-9A-33-EE-FC-F6-08-20-D5-72">
      <ModulePath>C:\Program Files\dotnet\shared\Microsoft.NETCore.App\3.1.9\System.Memory.dll</ModulePath>
      <ModuleTime>2020-09-23T10:07:04Z</ModuleTime>
      <ModuleName>System.Memory</ModuleName>
      <Classes />
    </Module>
    <Module skippedDueTo="Filter" hash="0D-58-19-49-6F-43-9F-B0-D0-2E-93-CA-A7-96-F8-36-85-74-5B-23">
      <ModulePath>C:\Program Files\dotnet\shared\Microsoft.NETCore.App\3.1.9\System.Threading.ThreadPool.dll</ModulePath>
      <ModuleTime>2020-09-23T10:06:14Z</ModuleTime>
      <ModuleName>System.Threading.ThreadPool</ModuleName>
      <Classes />
    </Module>
    <Module skippedDueTo="Filter" hash="92-7C-E0-9D-ED-A8-39-E9-7D-93-80-DE-5E-8E-02-83-C6-48-27-BB">
      <ModulePath>C:\Program Files\dotnet\shared\Microsoft.NETCore.App\3.1.9\System.Runtime.InteropServices.dll</ModulePath>
      <ModuleTime>2020-09-23T10:06:56Z</ModuleTime>
      <ModuleName>System.Runtime.InteropServices</ModuleName>
      <Classes />
    </Module>
    <Module skippedDueTo="MissingPdb" hash="6B-BD-3A-D1-03-F1-DE-FF-8B-26-54-C1-E6-CE-C8-54-22-C5-A8-04">
      <ModulePath>C:\Program Files\dotnet\shared\Microsoft.NETCore.App\3.1.9\Microsoft.Win32.Primitives.dll</ModulePath>
      <ModuleTime>2020-09-23T10:06:54Z</ModuleTime>
      <ModuleName>Microsoft.Win32.Primitives</ModuleName>
      <Classes />
    </Module>
    <Module skippedDueTo="Filter" hash="C6-54-35-EB-74-FE-02-E8-D5-D1-3A-16-FD-3C-D2-A3-D7-C0-1E-E0">
      <ModulePath>C:\Program Files\dotnet\shared\Microsoft.NETCore.App\3.1.9\System.Net.Primitives.dll</ModulePath>
      <ModuleTime>2020-09-23T10:06:50Z</ModuleTime>
      <ModuleName>System.Net.Primitives</ModuleName>
      <Classes />
    </Module>
    <Module skippedDueTo="Filter" hash="17-28-0C-F3-C4-16-F4-8A-71-37-19-B7-5F-2F-66-DB-02-21-FD-FD">
      <ModulePath>C:\Program Files\dotnet\shared\Microsoft.NETCore.App\3.1.9\System.Threading.Tasks.dll</ModulePath>
      <ModuleTime>2020-09-23T10:07:06Z</ModuleTime>
      <ModuleName>System.Threading.Tasks</ModuleName>
      <Classes />
    </Module>
    <Module skippedDueTo="Filter" hash="89-2F-B2-7E-79-FD-B3-86-54-77-92-B4-D7-40-B7-6A-B5-A1-4D-10">
      <ModulePath>C:\Program Files\dotnet\shared\Microsoft.NETCore.App\3.1.9\System.Net.Sockets.dll</ModulePath>
      <ModuleTime>2020-09-23T10:06:50Z</ModuleTime>
      <ModuleName>System.Net.Sockets</ModuleName>
      <Classes />
    </Module>
    <Module skippedDueTo="Filter" hash="DA-C9-82-5F-C0-EE-62-5F-C4-20-A1-60-BB-D4-28-BC-3D-51-22-38">
      <ModulePath>C:\Program Files\dotnet\shared\Microsoft.NETCore.App\3.1.9\System.Threading.Overlapped.dll</ModulePath>
      <ModuleTime>2020-09-23T10:07:06Z</ModuleTime>
      <ModuleName>System.Threading.Overlapped</ModuleName>
      <Classes />
    </Module>
    <Module skippedDueTo="Filter" hash="FE-1E-E5-0D-85-0E-7F-8B-15-67-82-9A-60-E4-76-02-8D-DE-46-66">
      <ModulePath>C:\Program Files\dotnet\shared\Microsoft.NETCore.App\3.1.9\System.Net.NameResolution.dll</ModulePath>
      <ModuleTime>2020-09-23T10:07:06Z</ModuleTime>
      <ModuleName>System.Net.NameResolution</ModuleName>
      <Classes />
    </Module>
    <Module skippedDueTo="Filter" hash="F9-78-22-6A-6A-EA-D6-A6-72-05-72-E8-B7-30-78-12-F8-A2-2C-07">
      <ModulePath>C:\Program Files\dotnet\shared\Microsoft.NETCore.App\3.1.9\System.Private.Uri.dll</ModulePath>
      <ModuleTime>2020-09-23T10:06:52Z</ModuleTime>
      <ModuleName>System.Private.Uri</ModuleName>
      <Classes />
    </Module>
    <Module skippedDueTo="Filter" hash="87-95-FF-58-E2-77-0D-A5-E6-AF-A9-1C-8B-F0-77-BE-BA-F4-07-23">
      <ModulePath>C:\Program Files\dotnet\shared\Microsoft.NETCore.App\3.1.9\System.Security.Principal.Windows.dll</ModulePath>
      <ModuleTime>2020-09-23T10:07:00Z</ModuleTime>
      <ModuleName>System.Security.Principal.Windows</ModuleName>
      <Classes />
    </Module>
    <Module skippedDueTo="Filter" hash="45-8E-0B-91-1E-A5-ED-5A-CD-63-2F-F3-7E-82-1E-15-4D-E1-36-42">
      <ModulePath>C:\Program Files\dotnet\shared\Microsoft.NETCore.App\3.1.9\System.Security.Claims.dll</ModulePath>
      <ModuleTime>2020-09-23T10:06:58Z</ModuleTime>
      <ModuleName>System.Security.Claims</ModuleName>
      <Classes />
    </Module>
    <Module skippedDueTo="Filter" hash="19-77-51-26-A9-E8-2F-F1-0C-2F-1B-8C-2D-6E-F8-2A-FA-E0-F3-1E">
      <ModulePath>C:\Program Files\dotnet\shared\Microsoft.NETCore.App\3.1.9\System.Security.Principal.dll</ModulePath>
      <ModuleTime>2020-09-23T10:07:20Z</ModuleTime>
      <ModuleName>System.Security.Principal</ModuleName>
      <Classes />
    </Module>
    <Module skippedDueTo="Filter" hash="43-F3-56-07-A4-36-04-65-02-B8-6E-DA-43-D8-74-19-B9-44-30-E1">
      <ModulePath>C:\WINDOWS\Microsoft.Net\assembly\GAC_MSIL\System.Numerics\v4.0_4.0.0.0__b77a5c561934e089\System.Numerics.dll</ModulePath>
      <ModuleTime>2019-12-07T09:10:37.6330785Z</ModuleTime>
      <ModuleName>System.Numerics</ModuleName>
      <Classes />
    </Module>
    <Module skippedDueTo="Filter" hash="01-A6-55-30-50-42-B1-C7-61-5A-E0-0D-2E-23-90-7B-53-84-D7-D8">
      <ModulePath>C:\WINDOWS\Microsoft.Net\assembly\GAC_MSIL\System.Runtime.Serialization\v4.0_4.0.0.0__b77a5c561934e089\System.Runtime.Serialization.dll</ModulePath>
      <ModuleTime>2020-08-05T02:39:55.9298663Z</ModuleTime>
      <ModuleName>System.Runtime.Serialization</ModuleName>
      <Classes />
    </Module>
    <Module skippedDueTo="Filter" hash="76-4F-F2-57-05-34-3B-14-F0-74-D8-74-52-87-6D-06-AD-25-14-77">
      <ModulePath>C:\WINDOWS\Microsoft.Net\assembly\GAC_MSIL\System.Xml.Linq\v4.0_4.0.0.0__b77a5c561934e089\System.Xml.Linq.dll</ModulePath>
      <ModuleTime>2019-12-07T09:10:35.962301Z</ModuleTime>
      <ModuleName>System.Xml.Linq</ModuleName>
      <Classes />
    </Module>
    <Module skippedDueTo="Filter" hash="EE-09-04-67-9C-06-25-14-F9-8F-46-81-C0-78-F9-BF-E4-43-EE-BE">
      <ModulePath>C:\Program Files\dotnet\shared\Microsoft.NETCore.App\3.1.9\System.IO.dll</ModulePath>
      <ModuleTime>2020-09-23T10:07:02Z</ModuleTime>
      <ModuleName>System.IO</ModuleName>
      <Classes />
    </Module>
    <Module skippedDueTo="Filter" hash="48-00-FE-82-BF-2D-A7-64-91-D6-A5-A5-88-88-02-2A-FB-DA-39-D2">
      <ModulePath>C:\Program Files\dotnet\shared\Microsoft.NETCore.App\3.1.9\System.Dynamic.Runtime.dll</ModulePath>
      <ModuleTime>2020-09-23T10:07:02Z</ModuleTime>
      <ModuleName>System.Dynamic.Runtime</ModuleName>
      <Classes />
    </Module>
    <Module skippedDueTo="Filter" hash="70-9D-1E-E5-CD-DB-7E-19-16-75-51-2B-26-05-FF-71-DA-77-AF-BC">
      <ModulePath>C:\Program Files\dotnet\shared\Microsoft.NETCore.App\3.1.9\System.Linq.Expressions.dll</ModulePath>
      <ModuleTime>2020-09-23T10:07:04Z</ModuleTime>
      <ModuleName>System.Linq.Expressions</ModuleName>
      <Classes />
    </Module>
    <Module skippedDueTo="Filter" hash="C4-19-9A-22-F1-64-FE-49-68-59-71-4C-AA-61-06-5E-C9-E6-3E-9C">
      <ModulePath>C:\Program Files\dotnet\shared\Microsoft.NETCore.App\3.1.9\System.Runtime.Serialization.Formatters.dll</ModulePath>
      <ModuleTime>2020-09-23T10:07:02Z</ModuleTime>
      <ModuleName>System.Runtime.Serialization.Formatters</ModuleName>
      <Classes />
    </Module>
    <Module skippedDueTo="Filter" hash="75-23-F4-4F-98-F6-18-84-9B-03-FD-B7-E9-29-E3-F4-05-7F-6F-02">
      <ModulePath>C:\Program Files\dotnet\shared\Microsoft.NETCore.App\3.1.9\System.Runtime.Numerics.dll</ModulePath>
      <ModuleTime>2020-09-23T10:06:56Z</ModuleTime>
      <ModuleName>System.Runtime.Numerics</ModuleName>
      <Classes />
    </Module>
    <Module skippedDueTo="Filter" hash="75-99-58-35-C5-29-2E-51-D9-25-2D-A3-31-28-1F-4D-EF-20-57-6D">
      <ModulePath>C:\Program Files\dotnet\shared\Microsoft.NETCore.App\3.1.9\System.Reflection.dll</ModulePath>
      <ModuleTime>2020-09-23T10:06:54Z</ModuleTime>
      <ModuleName>System.Reflection</ModuleName>
      <Classes />
    </Module>
    <Module skippedDueTo="Filter" hash="2E-24-12-47-3A-90-50-3D-D6-86-2B-C6-1D-6C-7D-30-43-71-41-81">
      <ModulePath>C:\Program Files\dotnet\shared\Microsoft.NETCore.App\3.1.9\System.Linq.dll</ModulePath>
      <ModuleTime>2020-09-23T10:07:04Z</ModuleTime>
      <ModuleName>System.Linq</ModuleName>
      <Classes />
    </Module>
    <Module skippedDueTo="Filter" hash="5E-AA-4C-FF-F7-5B-E8-16-70-F3-32-06-59-ED-2C-EB-E3-C0-6B-41">
      <ModulePath>C:\Program Files\dotnet\shared\Microsoft.NETCore.App\3.1.9\System.Reflection.Extensions.dll</ModulePath>
      <ModuleTime>2020-09-23T10:06:54Z</ModuleTime>
      <ModuleName>System.Reflection.Extensions</ModuleName>
      <Classes />
    </Module>
    <Module skippedDueTo="Filter" hash="6E-4B-78-D5-5F-D2-70-75-6F-04-83-D5-3B-9D-7B-1A-38-12-53-CE">
      <ModulePath>C:\Program Files\dotnet\shared\Microsoft.NETCore.App\3.1.9\System.ComponentModel.TypeConverter.dll</ModulePath>
      <ModuleTime>2020-09-23T10:06:56Z</ModuleTime>
      <ModuleName>System.ComponentModel.TypeConverter</ModuleName>
      <Classes />
    </Module>
    <Module skippedDueTo="Filter" hash="FA-34-B3-26-5E-CA-D6-5B-5D-A0-22-5C-A6-2A-52-4F-9F-87-C7-93">
      <ModulePath>C:\Program Files\dotnet\shared\Microsoft.NETCore.App\3.1.9\System.ObjectModel.dll</ModulePath>
      <ModuleTime>2020-09-23T10:06:52Z</ModuleTime>
      <ModuleName>System.ObjectModel</ModuleName>
      <Classes />
    </Module>
    <Module skippedDueTo="Filter" hash="30-4A-7B-8E-2E-E8-34-E2-A4-25-05-65-66-4F-AB-61-CC-D9-63-50">
      <ModulePath>C:\Program Files\dotnet\shared\Microsoft.NETCore.App\3.1.9\System.Collections.Specialized.dll</ModulePath>
      <ModuleTime>2020-09-23T10:07:00Z</ModuleTime>
      <ModuleName>System.Collections.Specialized</ModuleName>
      <Classes />
    </Module>
    <Module skippedDueTo="Filter" hash="25-5C-C6-FF-D5-D5-CB-9A-9D-C1-CE-BD-20-09-83-E1-5C-C6-83-23">
      <ModulePath>C:\Program Files\dotnet\shared\Microsoft.NETCore.App\3.1.9\System.Drawing.Primitives.dll</ModulePath>
      <ModuleTime>2020-09-23T10:07:00Z</ModuleTime>
      <ModuleName>System.Drawing.Primitives</ModuleName>
      <Classes />
    </Module>
    <Module skippedDueTo="Filter" hash="22-18-9A-95-65-A4-AD-7D-0A-54-06-20-47-6A-3C-F4-B5-96-7B-04">
      <ModulePath>C:\Program Files\dotnet\shared\Microsoft.NETCore.App\3.1.9\System.Reflection.Emit.ILGeneration.dll</ModulePath>
      <ModuleTime>2020-09-23T10:06:54Z</ModuleTime>
      <ModuleName>System.Reflection.Emit.ILGeneration</ModuleName>
      <Classes />
    </Module>
    <Module skippedDueTo="Filter" hash="C9-D3-81-B6-32-42-EB-0D-A2-90-0D-C0-73-54-04-1F-47-BB-9F-98">
      <ModulePath>C:\Program Files\dotnet\shared\Microsoft.NETCore.App\3.1.9\System.Reflection.Emit.Lightweight.dll</ModulePath>
      <ModuleTime>2020-09-23T10:06:54Z</ModuleTime>
      <ModuleName>System.Reflection.Emit.Lightweight</ModuleName>
      <Classes />
    </Module>
    <Module skippedDueTo="Filter" hash="7F-BE-6F-84-E9-FD-4F-14-BB-57-D6-9E-40-9C-51-D2-69-75-19-D6">
      <ModulePath>C:\Program Files\dotnet\shared\Microsoft.NETCore.App\3.1.9\System.Reflection.Primitives.dll</ModulePath>
      <ModuleTime>2020-09-23T10:06:54Z</ModuleTime>
      <ModuleName>System.Reflection.Primitives</ModuleName>
      <Classes />
    </Module>
    <Module skippedDueTo="MissingPdb" hash="">
      <ModulePath>RefEmit_InMemoryManifestModule</ModulePath>
      <ModuleTime>0001-01-01T00:00:00</ModuleTime>
      <ModuleName>Anonymously Hosted DynamicMethods Assembly</ModuleName>
      <Classes />
    </Module>
    <Module skippedDueTo="Filter" hash="3F-88-09-7E-44-5D-8E-CE-18-49-9F-BD-7B-A5-90-46-A5-AC-D6-7F">
      <ModulePath>C:\Program Files\dotnet\shared\Microsoft.NETCore.App\3.1.9\System.Collections.NonGeneric.dll</ModulePath>
      <ModuleTime>2020-09-23T10:06:56Z</ModuleTime>
      <ModuleName>System.Collections.NonGeneric</ModuleName>
      <Classes />
    </Module>
    <Module skippedDueTo="Filter" hash="C5-5D-61-FC-43-EB-FB-B0-0E-3A-A5-32-D1-F3-1E-93-04-62-21-E4">
      <ModulePath>C:\Program Files\dotnet\shared\Microsoft.NETCore.App\3.1.9\System.IO.FileSystem.dll</ModulePath>
      <ModuleTime>2020-09-23T10:07:02Z</ModuleTime>
      <ModuleName>System.IO.FileSystem</ModuleName>
      <Classes />
    </Module>
    <Module skippedDueTo="Filter" hash="2E-4D-9B-4F-B3-C8-EA-2F-89-C0-8F-1E-8E-ED-30-99-D3-C1-A5-80">
      <ModulePath>C:\Program Files\dotnet\shared\Microsoft.NETCore.App\3.1.9\System.Runtime.Loader.dll</ModulePath>
      <ModuleTime>2020-09-23T10:06:58Z</ModuleTime>
      <ModuleName>System.Runtime.Loader</ModuleName>
      <Classes />
    </Module>
    <Module skippedDueTo="MissingPdb" hash="C4-E2-C7-72-AF-56-6B-BA-1F-71-2A-63-76-32-A6-C5-DE-7F-DD-00">
      <ModulePath>F:\Desktop\library\Tests\bin\Debug\netcoreapp3.1\Microsoft.VisualStudio.TestPlatform.MSTest.TestAdapter.dll</ModulePath>
      <ModuleTime>2020-04-01T03:52:06Z</ModuleTime>
      <ModuleName>Microsoft.VisualStudio.TestPlatform.MSTest.TestAdapter</ModuleName>
      <Classes />
    </Module>
    <Module skippedDueTo="MissingPdb" hash="B6-11-2D-54-B1-46-70-A1-85-26-94-31-FE-A3-D8-B8-AC-9E-95-F1">
      <ModulePath>F:\Desktop\library\Tests\bin\Debug\netcoreapp3.1\Microsoft.VisualStudio.TestPlatform.TestFramework.dll</ModulePath>
      <ModuleTime>2020-04-01T03:47:04Z</ModuleTime>
      <ModuleName>Microsoft.VisualStudio.TestPlatform.TestFramework</ModuleName>
      <Classes />
    </Module>
    <Module skippedDueTo="MissingPdb" hash="43-AB-BB-0B-71-8F-6A-57-C2-19-EA-FE-22-6B-A6-73-D2-E4-09-A9">
      <ModulePath>F:\Desktop\library\Tests\bin\Debug\netcoreapp3.1\Microsoft.VisualStudio.TestPlatform.MSTestAdapter.PlatformServices.Interface.dll</ModulePath>
      <ModuleTime>2020-04-01T03:49:56Z</ModuleTime>
      <ModuleName>Microsoft.VisualStudio.TestPlatform.MSTestAdapter.PlatformServices.Interface</ModuleName>
      <Classes />
    </Module>
    <Module skippedDueTo="MissingPdb" hash="D4-FD-E1-4A-F7-AC-15-DE-E9-9A-81-18-72-88-BB-71-BC-D1-67-E2">
      <ModulePath>F:\Desktop\library\Tests\bin\Debug\netcoreapp3.1\Microsoft.VisualStudio.TestPlatform.MSTestAdapter.PlatformServices.dll</ModulePath>
      <ModuleTime>2020-04-01T03:59:20Z</ModuleTime>
      <ModuleName>Microsoft.VisualStudio.TestPlatform.MSTestAdapter.PlatformServices</ModuleName>
      <Classes />
    </Module>
    <Module skippedDueTo="Filter" hash="7D-37-62-BB-D2-EA-D6-C8-D2-45-E1-94-59-83-0F-7C-DF-3C-BA-BA">
      <ModulePath>C:\Program Files\dotnet\shared\Microsoft.NETCore.App\3.1.9\System.Xml.ReaderWriter.dll</ModulePath>
      <ModuleTime>2020-09-23T10:06:14Z</ModuleTime>
      <ModuleName>System.Xml.ReaderWriter</ModuleName>
      <Classes />
    </Module>
    <Module skippedDueTo="Filter" hash="35-80-65-49-C2-7C-0D-14-80-AD-29-FA-E0-83-AD-BD-3F-1D-7A-B5">
      <ModulePath>C:\Program Files\dotnet\shared\Microsoft.NETCore.App\3.1.9\System.Private.Xml.dll</ModulePath>
      <ModuleTime>2020-09-23T10:06:54Z</ModuleTime>
      <ModuleName>System.Private.Xml</ModuleName>
      <Classes />
    </Module>
    <Module skippedDueTo="Filter" hash="43-A9-B0-BD-2D-A0-50-93-2C-B4-A4-44-C9-E3-42-47-9A-01-9D-1A">
      <ModulePath>C:\Program Files\dotnet\shared\Microsoft.NETCore.App\3.1.9\System.Threading.Thread.dll</ModulePath>
      <ModuleTime>2020-09-23T10:06:14Z</ModuleTime>
      <ModuleName>System.Threading.Thread</ModuleName>
      <Classes />
    </Module>
    <Module skippedDueTo="Filter" hash="31-DC-60-A9-AC-2D-62-B2-C8-05-6E-48-F8-38-C7-4C-66-22-7F-FE">
      <ModulePath>C:\Program Files\dotnet\shared\Microsoft.NETCore.App\3.1.9\System.Security.Cryptography.Algorithms.dll</ModulePath>
      <ModuleTime>2020-09-23T10:07:00Z</ModuleTime>
      <ModuleName>System.Security.Cryptography.Algorithms</ModuleName>
      <Classes />
    </Module>
    <Module skippedDueTo="Filter" hash="CA-71-8B-5A-44-7C-F4-29-BB-9D-07-00-FD-BB-B0-16-7C-76-80-C5">
      <ModulePath>C:\Program Files\dotnet\shared\Microsoft.NETCore.App\3.1.9\System.Threading.Timer.dll</ModulePath>
      <ModuleTime>2020-09-23T10:06:38Z</ModuleTime>
      <ModuleName>System.Threading.Timer</ModuleName>
      <Classes />
    </Module>
    <Module skippedDueTo="Filter" hash="84-9E-37-F1-5D-0D-60-82-2E-1D-B0-91-EF-E8-2F-0F-25-5F-CB-A1">
      <ModulePath>C:\Program Files\dotnet\shared\Microsoft.NETCore.App\3.1.9\System.Resources.ResourceManager.dll</ModulePath>
      <ModuleTime>2020-09-23T10:06:56Z</ModuleTime>
      <ModuleName>System.Resources.ResourceManager</ModuleName>
      <Classes />
    </Module>
    <Module skippedDueTo="MissingPdb" hash="C1-E6-95-46-6B-22-AB-AD-8C-29-08-C6-4F-A8-BC-C8-E3-D9-B3-83">
      <ModulePath>F:\Desktop\library\Tests\bin\Debug\netcoreapp3.1\NuGet.Frameworks.dll</ModulePath>
      <ModuleTime>2019-04-01T15:23:50Z</ModuleTime>
      <ModuleName>NuGet.Frameworks</ModuleName>
      <Classes />
    </Module>
    <Module skippedDueTo="Filter" hash="02-EC-05-B0-1C-14-D0-09-5A-AD-BD-EE-99-87-60-A9-46-E8-00-BF">
      <ModulePath>C:\Program Files\dotnet\shared\Microsoft.NETCore.App\3.1.9\System.Text.Encoding.Extensions.dll</ModulePath>
      <ModuleTime>2020-09-23T10:07:24Z</ModuleTime>
      <ModuleName>System.Text.Encoding.Extensions</ModuleName>
      <Classes />
    </Module>
    <Module skippedDueTo="Filter" hash="00-B9-3E-22-57-40-E6-BF-0A-7D-C6-71-EF-A3-36-0B-AB-5E-30-F1">
      <ModulePath>C:\Program Files\dotnet\shared\Microsoft.NETCore.App\3.1.9\System.Xml.XDocument.dll</ModulePath>
      <ModuleTime>2020-09-23T10:06:14Z</ModuleTime>
      <ModuleName>System.Xml.XDocument</ModuleName>
      <Classes />
    </Module>
    <Module skippedDueTo="Filter" hash="AE-67-60-DC-53-02-AE-EC-ED-74-85-99-00-DE-1E-F3-04-E2-C7-CB">
      <ModulePath>C:\Program Files\dotnet\shared\Microsoft.NETCore.App\3.1.9\System.Private.Xml.Linq.dll</ModulePath>
      <ModuleTime>2020-09-23T10:06:54Z</ModuleTime>
      <ModuleName>System.Private.Xml.Linq</ModuleName>
      <Classes />
    </Module>
    <Module skippedDueTo="Filter" hash="07-54-72-8A-2B-30-A7-85-52-57-5A-91-43-CA-B9-68-CE-5A-69-E3">
      <ModulePath>F:\Desktop\library\Tests\bin\Debug\netcoreapp3.1\Tests.dll</ModulePath>
      <ModuleTime>2020-12-21T19:23:41.3459828Z</ModuleTime>
      <ModuleName>Tests</ModuleName>
      <Classes />
    </Module>
    <Module hash="95-63-75-33-BD-A5-B7-D3-FC-65-15-5C-38-27-F9-B0-05-1C-68-E7">
      <Summary numSequencePoints="253" visitedSequencePoints="136" numBranchPoints="222" visitedBranchPoints="89" sequenceCoverage="53.75" branchCoverage="40.09" maxCyclomaticComplexity="13" minCyclomaticComplexity="1" maxCrapScore="182" minCrapScore="1" visitedClasses="24" numClasses="36" visitedMethods="55" numMethods="90" />
      <ModulePath>F:\Desktop\library\Tests\bin\Debug\netcoreapp3.1\BLL.dll</ModulePath>
      <ModuleTime>2020-12-21T19:15:00.5763728Z</ModuleTime>
      <ModuleName>BLL</ModuleName>
      <Files>
        <File uid="1" fullPath="F:\Desktop\library\BLL\AppException.cs" />
        <File uid="2" fullPath="F:\Desktop\library\BLL\ExtensionMethods.cs" />
        <File uid="4" fullPath="F:\Desktop\library\BLL\Services\AuthorService.cs" />
        <File uid="10" fullPath="F:\Desktop\library\BLL\Services\BookingService.cs" />
        <File uid="18" fullPath="F:\Desktop\library\BLL\Services\BookService.cs" />
        <File uid="26" fullPath="F:\Desktop\library\BLL\Services\GenreService.cs" />
        <File uid="32" fullPath="F:\Desktop\library\BLL\Models\Author.cs" />
        <File uid="33" fullPath="F:\Desktop\library\BLL\Models\Book.cs" />
        <File uid="34" fullPath="F:\Desktop\library\BLL\Models\Booking.cs" />
        <File uid="35" fullPath="F:\Desktop\library\BLL\Models\Genre.cs" />
        <File uid="36" fullPath="F:\Desktop\library\BLL\Models\User.cs" />
      </Files>
      <Classes>
        <Class>
          <Summary numSequencePoints="0" visitedSequencePoints="0" numBranchPoints="0" visitedBranchPoints="0" sequenceCoverage="0" branchCoverage="0" maxCyclomaticComplexity="0" minCyclomaticComplexity="0" maxCrapScore="0" minCrapScore="0" visitedClasses="0" numClasses="0" visitedMethods="0" numMethods="0" />
          <FullName>&lt;Module&gt;</FullName>
          <Methods />
        </Class>
        <Class>
          <Summary numSequencePoints="6" visitedSequencePoints="3" numBranchPoints="2" visitedBranchPoints="1" sequenceCoverage="50" branchCoverage="50" maxCyclomaticComplexity="1" minCyclomaticComplexity="1" maxCrapScore="2" minCrapScore="1" visitedClasses="1" numClasses="1" visitedMethods="1" numMethods="2" />
          <FullName>BLL.AppException</FullName>
          <Methods>
            <Method visited="false" cyclomaticComplexity="1" nPathComplexity="0" sequenceCoverage="0" branchCoverage="0" crapScore="2" isConstructor="true" isStatic="false" isGetter="false" isSetter="false">
              <Summary numSequencePoints="3" visitedSequencePoints="0" numBranchPoints="1" visitedBranchPoints="0" sequenceCoverage="0" branchCoverage="0" maxCyclomaticComplexity="1" minCyclomaticComplexity="1" maxCrapScore="2" minCrapScore="2" visitedClasses="0" numClasses="0" visitedMethods="0" numMethods="1" />
              <MetadataToken>100663297</MetadataToken>
              <Name>System.Void BLL.AppException::.ctor()</Name>
              <FileRef uid="1" />
              <SequencePoints>
                <SequencePoint vc="0" uspid="1" ordinal="0" offset="0" sl="7" sc="33" el="7" ec="39" bec="0" bev="0" fileid="1" />
                <SequencePoint vc="0" uspid="2" ordinal="1" offset="7" sl="7" sc="40" el="7" ec="41" bec="0" bev="0" fileid="1" />
                <SequencePoint vc="0" uspid="3" ordinal="2" offset="8" sl="7" sc="42" el="7" ec="43" bec="0" bev="0" fileid="1" />
              </SequencePoints>
              <BranchPoints />
              <MethodPoint xsi:type="SequencePoint" vc="0" uspid="1" ordinal="0" offset="0" sl="7" sc="33" el="7" ec="39" bec="0" bev="0" fileid="1" />
            </Method>
            <Method visited="true" cyclomaticComplexity="1" nPathComplexity="0" sequenceCoverage="100" branchCoverage="100" crapScore="1" isConstructor="true" isStatic="false" isGetter="false" isSetter="false">
              <Summary numSequencePoints="3" visitedSequencePoints="3" numBranchPoints="1" visitedBranchPoints="1" sequenceCoverage="100" branchCoverage="100" maxCyclomaticComplexity="1" minCyclomaticComplexity="1" maxCrapScore="1" minCrapScore="1" visitedClasses="0" numClasses="0" visitedMethods="1" numMethods="1" />
              <MetadataToken>100663298</MetadataToken>
              <Name>System.Void BLL.AppException::.ctor(System.String)</Name>
              <FileRef uid="1" />
              <SequencePoints>
                <SequencePoint vc="7" uspid="4" ordinal="0" offset="0" sl="8" sc="47" el="8" ec="60" bec="0" bev="0" fileid="1" />
                <SequencePoint vc="7" uspid="5" ordinal="1" offset="8" sl="8" sc="61" el="8" ec="62" bec="0" bev="0" fileid="1" />
                <SequencePoint vc="7" uspid="6" ordinal="2" offset="9" sl="8" sc="63" el="8" ec="64" bec="0" bev="0" fileid="1" />
              </SequencePoints>
              <BranchPoints />
              <MethodPoint xsi:type="SequencePoint" vc="7" uspid="4" ordinal="0" offset="0" sl="8" sc="47" el="8" ec="60" bec="0" bev="0" fileid="1" />
            </Method>
          </Methods>
        </Class>
        <Class skippedDueTo="Filter">
          <FullName>BLL.AppSettings</FullName>
          <Methods />
        </Class>
        <Class skippedDueTo="Filter">
          <FullName>BLL.Dependencies</FullName>
          <Methods />
        </Class>
        <Class>
          <Summary numSequencePoints="11" visitedSequencePoints="11" numBranchPoints="8" visitedBranchPoints="7" sequenceCoverage="100" branchCoverage="87.5" maxCyclomaticComplexity="3" minCyclomaticComplexity="2" maxCrapScore="3" minCrapScore="2" visitedClasses="1" numClasses="1" visitedMethods="2" numMethods="2" />
          <FullName>BLL.ExtensionMethods</FullName>
          <Methods>
            <Method visited="true" cyclomaticComplexity="3" nPathComplexity="4" sequenceCoverage="100" branchCoverage="80" crapScore="3" isConstructor="false" isStatic="true" isGetter="false" isSetter="false">
              <Summary numSequencePoints="5" visitedSequencePoints="5" numBranchPoints="5" visitedBranchPoints="4" sequenceCoverage="100" branchCoverage="80" maxCyclomaticComplexity="3" minCyclomaticComplexity="3" maxCrapScore="3" minCrapScore="3" visitedClasses="0" numClasses="0" visitedMethods="1" numMethods="1" />
              <MetadataToken>100663303</MetadataToken>
              <Name>System.Collections.Generic.IEnumerable`1&lt;BLL.Models.User&gt; BLL.ExtensionMethods::WithoutPasswords(System.Collections.Generic.IEnumerable`1&lt;BLL.Models.User&gt;)</Name>
              <FileRef uid="2" />
              <SequencePoints>
                <SequencePoint vc="2" uspid="7" ordinal="0" offset="0" sl="10" sc="9" el="10" ec="10" bec="0" bev="0" fileid="2" />
                <SequencePoint vc="2" uspid="8" ordinal="1" offset="1" sl="11" sc="13" el="11" ec="31" bec="2" bev="2" fileid="2" />
                <SequencePoint vc="1" uspid="9" ordinal="2" offset="9" sl="11" sc="32" el="11" ec="44" bec="0" bev="0" fileid="2" />
                <SequencePoint vc="1" uspid="10" ordinal="3" offset="13" sl="13" sc="13" el="13" ec="59" bec="2" bev="1" fileid="2" />
                <SequencePoint vc="2" uspid="11" ordinal="4" offset="53" sl="14" sc="9" el="14" ec="10" bec="0" bev="0" fileid="2" />
              </SequencePoints>
              <BranchPoints>
                <BranchPoint vc="1" uspid="12" ordinal="0" offset="7" sl="11" path="0" offsetend="9" fileid="2" />
                <BranchPoint vc="1" uspid="13" ordinal="1" offset="7" sl="11" path="1" offsetend="13" fileid="2" />
                <BranchPoint vc="1" uspid="14" ordinal="2" offset="20" sl="13" path="0" offsetend="22" fileid="2" />
                <BranchPoint vc="0" uspid="15" ordinal="3" offset="20" sl="13" path="1" offsetend="45" fileid="2" />
              </BranchPoints>
              <MethodPoint xsi:type="SequencePoint" vc="2" uspid="7" ordinal="0" offset="0" sl="10" sc="9" el="10" ec="10" bec="0" bev="0" fileid="2" />
            </Method>
            <Method visited="true" cyclomaticComplexity="2" nPathComplexity="2" sequenceCoverage="100" branchCoverage="100" crapScore="2" isConstructor="false" isStatic="true" isGetter="false" isSetter="false">
              <Summary numSequencePoints="6" visitedSequencePoints="6" numBranchPoints="3" visitedBranchPoints="3" sequenceCoverage="100" branchCoverage="100" maxCyclomaticComplexity="2" minCyclomaticComplexity="2" maxCrapScore="2" minCrapScore="2" visitedClasses="0" numClasses="0" visitedMethods="1" numMethods="1" />
              <MetadataToken>100663304</MetadataToken>
              <Name>BLL.Models.User BLL.ExtensionMethods::WithoutPassword(BLL.Models.User)</Name>
              <FileRef uid="2" />
              <SequencePoints>
                <SequencePoint vc="5" uspid="16" ordinal="0" offset="0" sl="17" sc="9" el="17" ec="10" bec="0" bev="0" fileid="2" />
                <SequencePoint vc="5" uspid="17" ordinal="1" offset="1" sl="18" sc="13" el="18" ec="30" bec="2" bev="2" fileid="2" />
                <SequencePoint vc="1" uspid="18" ordinal="2" offset="9" sl="18" sc="31" el="18" ec="43" bec="0" bev="0" fileid="2" />
                <SequencePoint vc="4" uspid="19" ordinal="3" offset="13" sl="19" sc="13" el="19" ec="34" bec="0" bev="0" fileid="2" />
                <SequencePoint vc="4" uspid="20" ordinal="4" offset="21" sl="20" sc="13" el="20" ec="25" bec="0" bev="0" fileid="2" />
                <SequencePoint vc="5" uspid="21" ordinal="5" offset="25" sl="21" sc="9" el="21" ec="10" bec="0" bev="0" fileid="2" />
              </SequencePoints>
              <BranchPoints>
                <BranchPoint vc="1" uspid="22" ordinal="0" offset="7" sl="18" path="0" offsetend="9" fileid="2" />
                <BranchPoint vc="4" uspid="23" ordinal="1" offset="7" sl="18" path="1" offsetend="13" fileid="2" />
              </BranchPoints>
              <MethodPoint xsi:type="SequencePoint" vc="5" uspid="16" ordinal="0" offset="0" sl="17" sc="9" el="17" ec="10" bec="0" bev="0" fileid="2" />
            </Method>
          </Methods>
        </Class>
        <Class>
          <Summary numSequencePoints="1" visitedSequencePoints="1" numBranchPoints="1" visitedBranchPoints="1" sequenceCoverage="100" branchCoverage="100" maxCyclomaticComplexity="1" minCyclomaticComplexity="1" maxCrapScore="2" minCrapScore="1" visitedClasses="1" numClasses="1" visitedMethods="1" numMethods="1" />
          <FullName>BLL.ExtensionMethods/&lt;&gt;c</FullName>
          <Methods>
            <Method visited="false" cyclomaticComplexity="1" nPathComplexity="0" sequenceCoverage="0" branchCoverage="0" crapScore="2" isConstructor="true" isStatic="true" isGetter="false" isSetter="false">
              <Summary numSequencePoints="0" visitedSequencePoints="0" numBranchPoints="0" visitedBranchPoints="0" sequenceCoverage="0" branchCoverage="0" maxCyclomaticComplexity="1" minCyclomaticComplexity="1" maxCrapScore="2" minCrapScore="2" visitedClasses="0" numClasses="0" visitedMethods="0" numMethods="0" />
              <MetadataToken>100663464</MetadataToken>
              <Name>System.Void BLL.ExtensionMethods/&lt;&gt;c::.cctor()</Name>
              <SequencePoints />
              <BranchPoints />
              <MethodPoint vc="0" uspid="24" ordinal="0" offset="0" />
            </Method>
            <Method visited="false" cyclomaticComplexity="1" nPathComplexity="0" sequenceCoverage="0" branchCoverage="0" crapScore="2" isConstructor="true" isStatic="false" isGetter="false" isSetter="false">
              <Summary numSequencePoints="0" visitedSequencePoints="0" numBranchPoints="0" visitedBranchPoints="0" sequenceCoverage="0" branchCoverage="0" maxCyclomaticComplexity="1" minCyclomaticComplexity="1" maxCrapScore="2" minCrapScore="2" visitedClasses="0" numClasses="0" visitedMethods="0" numMethods="0" />
              <MetadataToken>100663465</MetadataToken>
              <Name>System.Void BLL.ExtensionMethods/&lt;&gt;c::.ctor()</Name>
              <SequencePoints />
              <BranchPoints />
              <MethodPoint vc="0" uspid="25" ordinal="0" offset="0" />
            </Method>
            <Method visited="true" cyclomaticComplexity="1" nPathComplexity="0" sequenceCoverage="100" branchCoverage="100" crapScore="1" isConstructor="false" isStatic="false" isGetter="false" isSetter="false">
              <Summary numSequencePoints="1" visitedSequencePoints="1" numBranchPoints="1" visitedBranchPoints="1" sequenceCoverage="100" branchCoverage="100" maxCyclomaticComplexity="1" minCyclomaticComplexity="1" maxCrapScore="1" minCrapScore="1" visitedClasses="0" numClasses="0" visitedMethods="1" numMethods="1" />
              <MetadataToken>100663466</MetadataToken>
              <Name>BLL.Models.User BLL.ExtensionMethods/&lt;&gt;c::&lt;WithoutPasswords&gt;b__0_0(BLL.Models.User)</Name>
              <FileRef uid="2" />
              <SequencePoints>
                <SequencePoint vc="3" uspid="26" ordinal="0" offset="0" sl="13" sc="38" el="13" ec="57" bec="0" bev="0" fileid="2" />
              </SequencePoints>
              <BranchPoints />
              <MethodPoint xsi:type="SequencePoint" vc="3" uspid="26" ordinal="0" offset="0" sl="13" sc="38" el="13" ec="57" bec="0" bev="0" fileid="2" />
            </Method>
          </Methods>
        </Class>
        <Class skippedDueTo="Filter">
          <FullName>BLL.AuthorProfile</FullName>
          <Methods />
        </Class>
        <Class skippedDueTo="Filter">
          <FullName>BLL.GenreProfile</FullName>
          <Methods />
        </Class>
        <Class>
          <Summary numSequencePoints="5" visitedSequencePoints="5" numBranchPoints="1" visitedBranchPoints="1" sequenceCoverage="100" branchCoverage="100" maxCyclomaticComplexity="1" minCyclomaticComplexity="1" maxCrapScore="2" minCrapScore="1" visitedClasses="1" numClasses="1" visitedMethods="1" numMethods="1" />
          <FullName>BLL.Services.AuthorService</FullName>
          <Methods>
            <Method visited="true" cyclomaticComplexity="1" nPathComplexity="0" sequenceCoverage="100" branchCoverage="100" crapScore="1" isConstructor="true" isStatic="false" isGetter="false" isSetter="false">
              <Summary numSequencePoints="5" visitedSequencePoints="5" numBranchPoints="1" visitedBranchPoints="1" sequenceCoverage="100" branchCoverage="100" maxCyclomaticComplexity="1" minCyclomaticComplexity="1" maxCrapScore="1" minCrapScore="1" visitedClasses="0" numClasses="0" visitedMethods="1" numMethods="1" />
              <MetadataToken>100663307</MetadataToken>
              <Name>System.Void BLL.Services.AuthorService::.ctor(DAL.UOW.IUnitOfWork,AutoMapper.IMapper)</Name>
              <FileRef uid="4" />
              <SequencePoints>
                <SequencePoint vc="5" uspid="27" ordinal="0" offset="0" sl="14" sc="9" el="14" ec="62" bec="0" bev="0" fileid="4" />
                <SequencePoint vc="5" uspid="28" ordinal="1" offset="7" sl="15" sc="9" el="15" ec="10" bec="0" bev="0" fileid="4" />
                <SequencePoint vc="5" uspid="29" ordinal="2" offset="8" sl="16" sc="13" el="16" ec="35" bec="0" bev="0" fileid="4" />
                <SequencePoint vc="5" uspid="30" ordinal="3" offset="15" sl="17" sc="13" el="17" ec="31" bec="0" bev="0" fileid="4" />
                <SequencePoint vc="5" uspid="31" ordinal="4" offset="22" sl="18" sc="9" el="18" ec="10" bec="0" bev="0" fileid="4" />
              </SequencePoints>
              <BranchPoints />
              <MethodPoint xsi:type="SequencePoint" vc="5" uspid="27" ordinal="0" offset="0" sl="14" sc="9" el="14" ec="62" bec="0" bev="0" fileid="4" />
            </Method>
            <Method visited="false" cyclomaticComplexity="1" nPathComplexity="0" sequenceCoverage="0" branchCoverage="0" crapScore="2" isConstructor="false" isStatic="false" isGetter="false" isSetter="false">
              <Summary numSequencePoints="0" visitedSequencePoints="0" numBranchPoints="0" visitedBranchPoints="0" sequenceCoverage="0" branchCoverage="0" maxCyclomaticComplexity="1" minCyclomaticComplexity="1" maxCrapScore="2" minCrapScore="2" visitedClasses="0" numClasses="0" visitedMethods="0" numMethods="0" />
              <MetadataToken>100663308</MetadataToken>
              <Name>System.Threading.Tasks.Task`1&lt;BLL.Models.Author&gt; BLL.Services.AuthorService::AddAsync(BLL.Models.Author)</Name>
              <SequencePoints />
              <BranchPoints />
              <MethodPoint vc="0" uspid="32" ordinal="0" offset="0" />
            </Method>
            <Method visited="false" cyclomaticComplexity="1" nPathComplexity="0" sequenceCoverage="0" branchCoverage="0" crapScore="2" isConstructor="false" isStatic="false" isGetter="false" isSetter="false">
              <Summary numSequencePoints="0" visitedSequencePoints="0" numBranchPoints="0" visitedBranchPoints="0" sequenceCoverage="0" branchCoverage="0" maxCyclomaticComplexity="1" minCyclomaticComplexity="1" maxCrapScore="2" minCrapScore="2" visitedClasses="0" numClasses="0" visitedMethods="0" numMethods="0" />
              <MetadataToken>100663309</MetadataToken>
              <Name>System.Threading.Tasks.Task`1&lt;System.Collections.Generic.IEnumerable`1&lt;BLL.Models.Author&gt;&gt; BLL.Services.AuthorService::GetAllAsync()</Name>
              <SequencePoints />
              <BranchPoints />
              <MethodPoint vc="0" uspid="33" ordinal="0" offset="0" />
            </Method>
            <Method visited="false" cyclomaticComplexity="1" nPathComplexity="0" sequenceCoverage="0" branchCoverage="0" crapScore="2" isConstructor="false" isStatic="false" isGetter="false" isSetter="false">
              <Summary numSequencePoints="0" visitedSequencePoints="0" numBranchPoints="0" visitedBranchPoints="0" sequenceCoverage="0" branchCoverage="0" maxCyclomaticComplexity="1" minCyclomaticComplexity="1" maxCrapScore="2" minCrapScore="2" visitedClasses="0" numClasses="0" visitedMethods="0" numMethods="0" />
              <MetadataToken>100663310</MetadataToken>
              <Name>System.Threading.Tasks.Task`1&lt;BLL.Models.Author&gt; BLL.Services.AuthorService::GetByIdAsync(System.Int32)</Name>
              <SequencePoints />
              <BranchPoints />
              <MethodPoint vc="0" uspid="34" ordinal="0" offset="0" />
            </Method>
            <Method visited="false" cyclomaticComplexity="1" nPathComplexity="0" sequenceCoverage="0" branchCoverage="0" crapScore="2" isConstructor="false" isStatic="false" isGetter="false" isSetter="false">
              <Summary numSequencePoints="0" visitedSequencePoints="0" numBranchPoints="0" visitedBranchPoints="0" sequenceCoverage="0" branchCoverage="0" maxCyclomaticComplexity="1" minCyclomaticComplexity="1" maxCrapScore="2" minCrapScore="2" visitedClasses="0" numClasses="0" visitedMethods="0" numMethods="0" />
              <MetadataToken>100663311</MetadataToken>
              <Name>System.Threading.Tasks.Task BLL.Services.AuthorService::DeleteAsync(System.Int32)</Name>
              <SequencePoints />
              <BranchPoints />
              <MethodPoint vc="0" uspid="35" ordinal="0" offset="0" />
            </Method>
            <Method visited="false" cyclomaticComplexity="1" nPathComplexity="0" sequenceCoverage="0" branchCoverage="0" crapScore="2" isConstructor="false" isStatic="false" isGetter="false" isSetter="false">
              <Summary numSequencePoints="0" visitedSequencePoints="0" numBranchPoints="0" visitedBranchPoints="0" sequenceCoverage="0" branchCoverage="0" maxCyclomaticComplexity="1" minCyclomaticComplexity="1" maxCrapScore="2" minCrapScore="2" visitedClasses="0" numClasses="0" visitedMethods="0" numMethods="0" />
              <MetadataToken>100663312</MetadataToken>
              <Name>System.Threading.Tasks.Task BLL.Services.AuthorService::UpdateAsync(System.Int32,BLL.Models.Author)</Name>
              <SequencePoints />
              <BranchPoints />
              <MethodPoint vc="0" uspid="36" ordinal="0" offset="0" />
            </Method>
          </Methods>
        </Class>
        <Class>
          <Summary numSequencePoints="8" visitedSequencePoints="5" numBranchPoints="7" visitedBranchPoints="3" sequenceCoverage="62.5" branchCoverage="42.86" maxCyclomaticComplexity="6" minCyclomaticComplexity="1" maxCrapScore="7.90" minCrapScore="2" visitedClasses="1" numClasses="1" visitedMethods="1" numMethods="1" />
          <FullName>BLL.Services.AuthorService/&lt;AddAsync&gt;d__3</FullName>
          <Methods>
            <Method visited="false" cyclomaticComplexity="1" nPathComplexity="0" sequenceCoverage="0" branchCoverage="0" crapScore="2" isConstructor="true" isStatic="false" isGetter="false" isSetter="false">
              <Summary numSequencePoints="0" visitedSequencePoints="0" numBranchPoints="0" visitedBranchPoints="0" sequenceCoverage="0" branchCoverage="0" maxCyclomaticComplexity="1" minCyclomaticComplexity="1" maxCrapScore="2" minCrapScore="2" visitedClasses="0" numClasses="0" visitedMethods="0" numMethods="0" />
              <MetadataToken>100663467</MetadataToken>
              <Name>System.Void BLL.Services.AuthorService/&lt;AddAsync&gt;d__3::.ctor()</Name>
              <SequencePoints />
              <BranchPoints />
              <MethodPoint vc="0" uspid="37" ordinal="0" offset="0" />
            </Method>
            <Method visited="true" cyclomaticComplexity="6" nPathComplexity="8" sequenceCoverage="62.5" branchCoverage="42.86" crapScore="7.90" isConstructor="false" isStatic="false" isGetter="false" isSetter="false">
              <Summary numSequencePoints="8" visitedSequencePoints="5" numBranchPoints="7" visitedBranchPoints="3" sequenceCoverage="62.5" branchCoverage="42.86" maxCyclomaticComplexity="6" minCyclomaticComplexity="6" maxCrapScore="7.90" minCrapScore="7.90" visitedClasses="0" numClasses="0" visitedMethods="1" numMethods="1" />
              <MetadataToken>100663468</MetadataToken>
              <Name>System.Void BLL.Services.AuthorService/&lt;AddAsync&gt;d__3::MoveNext()</Name>
              <FileRef uid="4" />
              <SequencePoints>
                <SequencePoint vc="1" uspid="38" ordinal="0" offset="28" sl="21" sc="9" el="21" ec="10" bec="0" bev="0" fileid="4" />
                <SequencePoint vc="1" uspid="39" ordinal="1" offset="29" sl="22" sc="13" el="22" ec="62" bec="0" bev="0" fileid="4" />
                <SequencePoint vc="1" uspid="40" ordinal="2" offset="57" sl="23" sc="13" el="23" ec="98" bec="2" bev="1" fileid="4" />
                <SequencePoint vc="1" uspid="41" ordinal="3" offset="214" sl="24" sc="13" el="24" ec="34" bec="2" bev="1" fileid="4" />
                <SequencePoint vc="1" uspid="42" ordinal="4" offset="229" sl="24" sc="35" el="24" ec="104" bec="0" bev="0" fileid="4" />
                <SequencePoint vc="0" uspid="43" ordinal="5" offset="240" sl="25" sc="13" el="25" ec="52" bec="0" bev="0" fileid="4" />
                <SequencePoint vc="0" uspid="44" ordinal="6" offset="268" sl="26" sc="13" el="26" ec="43" bec="2" bev="0" fileid="4" />
                <SequencePoint vc="0" uspid="45" ordinal="7" offset="377" sl="27" sc="13" el="27" ec="43" bec="0" bev="0" fileid="4" />
              </SequencePoints>
              <BranchPoints>
                <BranchPoint vc="0" uspid="49" ordinal="2" offset="113" sl="23" path="0" offsetend="115" fileid="4" />
                <BranchPoint vc="1" uspid="50" ordinal="3" offset="113" sl="23" path="1" offsetend="182" fileid="4" />
                <BranchPoint vc="1" uspid="51" ordinal="4" offset="227" sl="24" path="0" offsetend="229" fileid="4" />
                <BranchPoint vc="0" uspid="52" ordinal="5" offset="227" sl="24" path="1" offsetend="240" fileid="4" />
                <BranchPoint vc="0" uspid="53" ordinal="6" offset="298" sl="26" path="0" offsetend="300" fileid="4" />
                <BranchPoint vc="0" uspid="54" ordinal="7" offset="298" sl="26" path="1" offsetend="369" fileid="4" />
              </BranchPoints>
              <MethodPoint vc="1" uspid="55" ordinal="0" offset="0" />
            </Method>
            <Method visited="false" cyclomaticComplexity="1" nPathComplexity="0" sequenceCoverage="0" branchCoverage="0" crapScore="2" isConstructor="false" isStatic="false" isGetter="false" isSetter="false">
              <Summary numSequencePoints="0" visitedSequencePoints="0" numBranchPoints="0" visitedBranchPoints="0" sequenceCoverage="0" branchCoverage="0" maxCyclomaticComplexity="1" minCyclomaticComplexity="1" maxCrapScore="2" minCrapScore="2" visitedClasses="0" numClasses="0" visitedMethods="0" numMethods="0" />
              <MetadataToken>100663469</MetadataToken>
              <Name>System.Void BLL.Services.AuthorService/&lt;AddAsync&gt;d__3::SetStateMachine(System.Runtime.CompilerServices.IAsyncStateMachine)</Name>
              <SequencePoints />
              <BranchPoints />
              <MethodPoint vc="0" uspid="56" ordinal="0" offset="0" />
            </Method>
          </Methods>
        </Class>
        <Class>
          <Summary numSequencePoints="3" visitedSequencePoints="3" numBranchPoints="3" visitedBranchPoints="2" sequenceCoverage="100" branchCoverage="66.67" maxCyclomaticComplexity="3" minCyclomaticComplexity="1" maxCrapScore="3" minCrapScore="2" visitedClasses="1" numClasses="1" visitedMethods="1" numMethods="1" />
          <FullName>BLL.Services.AuthorService/&lt;GetAllAsync&gt;d__4</FullName>
          <Methods>
            <Method visited="false" cyclomaticComplexity="1" nPathComplexity="0" sequenceCoverage="0" branchCoverage="0" crapScore="2" isConstructor="true" isStatic="false" isGetter="false" isSetter="false">
              <Summary numSequencePoints="0" visitedSequencePoints="0" numBranchPoints="0" visitedBranchPoints="0" sequenceCoverage="0" branchCoverage="0" maxCyclomaticComplexity="1" minCyclomaticComplexity="1" maxCrapScore="2" minCrapScore="2" visitedClasses="0" numClasses="0" visitedMethods="0" numMethods="0" />
              <MetadataToken>100663470</MetadataToken>
              <Name>System.Void BLL.Services.AuthorService/&lt;GetAllAsync&gt;d__4::.ctor()</Name>
              <SequencePoints />
              <BranchPoints />
              <MethodPoint vc="0" uspid="57" ordinal="0" offset="0" />
            </Method>
            <Method visited="true" cyclomaticComplexity="3" nPathComplexity="2" sequenceCoverage="100" branchCoverage="66.67" crapScore="3" isConstructor="false" isStatic="false" isGetter="false" isSetter="false">
              <Summary numSequencePoints="3" visitedSequencePoints="3" numBranchPoints="3" visitedBranchPoints="2" sequenceCoverage="100" branchCoverage="66.67" maxCyclomaticComplexity="3" minCyclomaticComplexity="3" maxCrapScore="3" minCrapScore="3" visitedClasses="0" numClasses="0" visitedMethods="1" numMethods="1" />
              <MetadataToken>100663471</MetadataToken>
              <Name>System.Void BLL.Services.AuthorService/&lt;GetAllAsync&gt;d__4::MoveNext()</Name>
              <FileRef uid="4" />
              <SequencePoints>
                <SequencePoint vc="1" uspid="58" ordinal="0" offset="14" sl="31" sc="9" el="31" ec="10" bec="0" bev="0" fileid="4" />
                <SequencePoint vc="1" uspid="59" ordinal="1" offset="15" sl="32" sc="13" el="32" ec="107" bec="2" bev="1" fileid="4" />
                <SequencePoint vc="1" uspid="60" ordinal="2" offset="191" sl="33" sc="9" el="33" ec="10" bec="0" bev="0" fileid="4" />
              </SequencePoints>
              <BranchPoints>
                <BranchPoint vc="0" uspid="61" ordinal="0" offset="66" sl="32" path="0" offsetend="68" fileid="4" />
                <BranchPoint vc="1" uspid="62" ordinal="1" offset="66" sl="32" path="1" offsetend="132" fileid="4" />
              </BranchPoints>
              <MethodPoint vc="1" uspid="63" ordinal="0" offset="0" />
            </Method>
            <Method visited="false" cyclomaticComplexity="1" nPathComplexity="0" sequenceCoverage="0" branchCoverage="0" crapScore="2" isConstructor="false" isStatic="false" isGetter="false" isSetter="false">
              <Summary numSequencePoints="0" visitedSequencePoints="0" numBranchPoints="0" visitedBranchPoints="0" sequenceCoverage="0" branchCoverage="0" maxCyclomaticComplexity="1" minCyclomaticComplexity="1" maxCrapScore="2" minCrapScore="2" visitedClasses="0" numClasses="0" visitedMethods="0" numMethods="0" />
              <MetadataToken>100663472</MetadataToken>
              <Name>System.Void BLL.Services.AuthorService/&lt;GetAllAsync&gt;d__4::SetStateMachine(System.Runtime.CompilerServices.IAsyncStateMachine)</Name>
              <SequencePoints />
              <BranchPoints />
              <MethodPoint vc="0" uspid="64" ordinal="0" offset="0" />
            </Method>
          </Methods>
        </Class>
        <Class>
          <Summary numSequencePoints="8" visitedSequencePoints="7" numBranchPoints="7" visitedBranchPoints="5" sequenceCoverage="87.5" branchCoverage="71.43" maxCyclomaticComplexity="5" minCyclomaticComplexity="1" maxCrapScore="5.05" minCrapScore="2" visitedClasses="1" numClasses="1" visitedMethods="1" numMethods="1" />
          <FullName>BLL.Services.AuthorService/&lt;GetByIdAsync&gt;d__5</FullName>
          <Methods>
[...]
              <FileRef uid="76" />
              <SequencePoints>
                <SequencePoint vc="82" uspid="581" ordinal="0" offset="0" sl="12" sc="39" el="12" ec="43" bec="0" bev="0" fileid="76" />
              </SequencePoints>
              <BranchPoints />
              <MethodPoint xsi:type="SequencePoint" vc="82" uspid="581" ordinal="0" offset="0" sl="12" sc="39" el="12" ec="43" bec="0" bev="0" fileid="76" />
            </Method>
            <Method visited="true" cyclomaticComplexity="1" nPathComplexity="0" sequenceCoverage="100" branchCoverage="100" crapScore="1" isConstructor="false" isStatic="false" isGetter="true" isSetter="false">
              <Summary numSequencePoints="1" visitedSequencePoints="1" numBranchPoints="1" visitedBranchPoints="1" sequenceCoverage="100" branchCoverage="100" maxCyclomaticComplexity="1" minCyclomaticComplexity="1" maxCrapScore="1" minCrapScore="1" visitedClasses="0" numClasses="0" visitedMethods="1" numMethods="1" />
              <MetadataToken>100663454</MetadataToken>
              <Name>System.DateTime DAL.Entities.Booking::get_DateOfBeginning()</Name>
              <FileRef uid="76" />
              <SequencePoints>
                <SequencePoint vc="1" uspid="582" ordinal="0" offset="0" sl="13" sc="43" el="13" ec="47" bec="0" bev="0" fileid="76" />
              </SequencePoints>
              <BranchPoints />
              <MethodPoint xsi:type="SequencePoint" vc="1" uspid="582" ordinal="0" offset="0" sl="13" sc="43" el="13" ec="47" bec="0" bev="0" fileid="76" />
            </Method>
            <Method visited="true" cyclomaticComplexity="1" nPathComplexity="0" sequenceCoverage="100" branchCoverage="100" crapScore="1" isConstructor="false" isStatic="false" isGetter="false" isSetter="true">
              <Summary numSequencePoints="1" visitedSequencePoints="1" numBranchPoints="1" visitedBranchPoints="1" sequenceCoverage="100" branchCoverage="100" maxCyclomaticComplexity="1" minCyclomaticComplexity="1" maxCrapScore="1" minCrapScore="1" visitedClasses="0" numClasses="0" visitedMethods="1" numMethods="1" />
              <MetadataToken>100663455</MetadataToken>
              <Name>System.Void DAL.Entities.Booking::set_DateOfBeginning(System.DateTime)</Name>
              <FileRef uid="76" />
              <SequencePoints>
                <SequencePoint vc="10" uspid="583" ordinal="0" offset="0" sl="13" sc="48" el="13" ec="52" bec="0" bev="0" fileid="76" />
              </SequencePoints>
              <BranchPoints />
              <MethodPoint xsi:type="SequencePoint" vc="10" uspid="583" ordinal="0" offset="0" sl="13" sc="48" el="13" ec="52" bec="0" bev="0" fileid="76" />
            </Method>
            <Method visited="true" cyclomaticComplexity="1" nPathComplexity="0" sequenceCoverage="100" branchCoverage="100" crapScore="1" isConstructor="false" isStatic="false" isGetter="true" isSetter="false">
              <Summary numSequencePoints="1" visitedSequencePoints="1" numBranchPoints="1" visitedBranchPoints="1" sequenceCoverage="100" branchCoverage="100" maxCyclomaticComplexity="1" minCyclomaticComplexity="1" maxCrapScore="1" minCrapScore="1" visitedClasses="0" numClasses="0" visitedMethods="1" numMethods="1" />
              <MetadataToken>100663456</MetadataToken>
              <Name>System.DateTime DAL.Entities.Booking::get_DateOfReturn()</Name>
              <FileRef uid="76" />
              <SequencePoints>
                <SequencePoint vc="1" uspid="584" ordinal="0" offset="0" sl="14" sc="40" el="14" ec="44" bec="0" bev="0" fileid="76" />
              </SequencePoints>
              <BranchPoints />
              <MethodPoint xsi:type="SequencePoint" vc="1" uspid="584" ordinal="0" offset="0" sl="14" sc="40" el="14" ec="44" bec="0" bev="0" fileid="76" />
            </Method>
            <Method visited="true" cyclomaticComplexity="1" nPathComplexity="0" sequenceCoverage="100" branchCoverage="100" crapScore="1" isConstructor="false" isStatic="false" isGetter="false" isSetter="true">
              <Summary numSequencePoints="1" visitedSequencePoints="1" numBranchPoints="1" visitedBranchPoints="1" sequenceCoverage="100" branchCoverage="100" maxCyclomaticComplexity="1" minCyclomaticComplexity="1" maxCrapScore="1" minCrapScore="1" visitedClasses="0" numClasses="0" visitedMethods="1" numMethods="1" />
              <MetadataToken>100663457</MetadataToken>
              <Name>System.Void DAL.Entities.Booking::set_DateOfReturn(System.DateTime)</Name>
              <FileRef uid="76" />
              <SequencePoints>
                <SequencePoint vc="1" uspid="585" ordinal="0" offset="0" sl="14" sc="45" el="14" ec="49" bec="0" bev="0" fileid="76" />
              </SequencePoints>
              <BranchPoints />
              <MethodPoint xsi:type="SequencePoint" vc="1" uspid="585" ordinal="0" offset="0" sl="14" sc="45" el="14" ec="49" bec="0" bev="0" fileid="76" />
            </Method>
            <Method visited="false" cyclomaticComplexity="1" nPathComplexity="0" sequenceCoverage="0" branchCoverage="0" crapScore="2" isConstructor="true" isStatic="false" isGetter="false" isSetter="false">
              <Summary numSequencePoints="0" visitedSequencePoints="0" numBranchPoints="0" visitedBranchPoints="0" sequenceCoverage="0" branchCoverage="0" maxCyclomaticComplexity="1" minCyclomaticComplexity="1" maxCrapScore="2" minCrapScore="2" visitedClasses="0" numClasses="0" visitedMethods="0" numMethods="0" />
              <MetadataToken>100663458</MetadataToken>
              <Name>System.Void DAL.Entities.Booking::.ctor()</Name>
              <SequencePoints />
              <BranchPoints />
              <MethodPoint vc="0" uspid="586" ordinal="0" offset="0" />
            </Method>
          </Methods>
        </Class>
        <Class>
          <Summary numSequencePoints="6" visitedSequencePoints="4" numBranchPoints="6" visitedBranchPoints="4" sequenceCoverage="66.67" branchCoverage="66.67" maxCyclomaticComplexity="1" minCyclomaticComplexity="1" maxCrapScore="2" minCrapScore="1" visitedClasses="1" numClasses="1" visitedMethods="4" numMethods="6" />
          <FullName>DAL.Entities.Genre</FullName>
          <Methods>
            <Method visited="true" cyclomaticComplexity="1" nPathComplexity="0" sequenceCoverage="100" branchCoverage="100" crapScore="1" isConstructor="false" isStatic="false" isGetter="true" isSetter="false">
              <Summary numSequencePoints="1" visitedSequencePoints="1" numBranchPoints="1" visitedBranchPoints="1" sequenceCoverage="100" branchCoverage="100" maxCyclomaticComplexity="1" minCyclomaticComplexity="1" maxCrapScore="1" minCrapScore="1" visitedClasses="0" numClasses="0" visitedMethods="1" numMethods="1" />
              <MetadataToken>100663459</MetadataToken>
              <Name>System.Int32 DAL.Entities.Genre::get_GenreId()</Name>
              <FileRef uid="77" />
              <SequencePoints>
                <SequencePoint vc="30" uspid="587" ordinal="0" offset="0" sl="9" sc="30" el="9" ec="34" bec="0" bev="0" fileid="77" />
              </SequencePoints>
              <BranchPoints />
              <MethodPoint xsi:type="SequencePoint" vc="30" uspid="587" ordinal="0" offset="0" sl="9" sc="30" el="9" ec="34" bec="0" bev="0" fileid="77" />
            </Method>
            <Method visited="true" cyclomaticComplexity="1" nPathComplexity="0" sequenceCoverage="100" branchCoverage="100" crapScore="1" isConstructor="false" isStatic="false" isGetter="false" isSetter="true">
              <Summary numSequencePoints="1" visitedSequencePoints="1" numBranchPoints="1" visitedBranchPoints="1" sequenceCoverage="100" branchCoverage="100" maxCyclomaticComplexity="1" minCyclomaticComplexity="1" maxCrapScore="1" minCrapScore="1" visitedClasses="0" numClasses="0" visitedMethods="1" numMethods="1" />
              <MetadataToken>100663460</MetadataToken>
              <Name>System.Void DAL.Entities.Genre::set_GenreId(System.Int32)</Name>
              <FileRef uid="77" />
              <SequencePoints>
                <SequencePoint vc="135" uspid="588" ordinal="0" offset="0" sl="9" sc="35" el="9" ec="39" bec="0" bev="0" fileid="77" />
              </SequencePoints>
              <BranchPoints />
              <MethodPoint xsi:type="SequencePoint" vc="135" uspid="588" ordinal="0" offset="0" sl="9" sc="35" el="9" ec="39" bec="0" bev="0" fileid="77" />
            </Method>
            <Method visited="true" cyclomaticComplexity="1" nPathComplexity="0" sequenceCoverage="100" branchCoverage="100" crapScore="1" isConstructor="false" isStatic="false" isGetter="true" isSetter="false">
              <Summary numSequencePoints="1" visitedSequencePoints="1" numBranchPoints="1" visitedBranchPoints="1" sequenceCoverage="100" branchCoverage="100" maxCyclomaticComplexity="1" minCyclomaticComplexity="1" maxCrapScore="1" minCrapScore="1" visitedClasses="0" numClasses="0" visitedMethods="1" numMethods="1" />
              <MetadataToken>100663461</MetadataToken>
              <Name>System.String DAL.Entities.Genre::get_Name()</Name>
              <FileRef uid="77" />
              <SequencePoints>
                <SequencePoint vc="27" uspid="589" ordinal="0" offset="0" sl="10" sc="30" el="10" ec="34" bec="0" bev="0" fileid="77" />
              </SequencePoints>
              <BranchPoints />
              <MethodPoint xsi:type="SequencePoint" vc="27" uspid="589" ordinal="0" offset="0" sl="10" sc="30" el="10" ec="34" bec="0" bev="0" fileid="77" />
            </Method>
            <Method visited="true" cyclomaticComplexity="1" nPathComplexity="0" sequenceCoverage="100" branchCoverage="100" crapScore="1" isConstructor="false" isStatic="false" isGetter="false" isSetter="true">
              <Summary numSequencePoints="1" visitedSequencePoints="1" numBranchPoints="1" visitedBranchPoints="1" sequenceCoverage="100" branchCoverage="100" maxCyclomaticComplexity="1" minCyclomaticComplexity="1" maxCrapScore="1" minCrapScore="1" visitedClasses="0" numClasses="0" visitedMethods="1" numMethods="1" />
              <MetadataToken>100663462</MetadataToken>
              <Name>System.Void DAL.Entities.Genre::set_Name(System.String)</Name>
              <FileRef uid="77" />
              <SequencePoints>
                <SequencePoint vc="135" uspid="590" ordinal="0" offset="0" sl="10" sc="35" el="10" ec="39" bec="0" bev="0" fileid="77" />
              </SequencePoints>
              <BranchPoints />
              <MethodPoint xsi:type="SequencePoint" vc="135" uspid="590" ordinal="0" offset="0" sl="10" sc="35" el="10" ec="39" bec="0" bev="0" fileid="77" />
            </Method>
            <Method visited="false" cyclomaticComplexity="1" nPathComplexity="0" sequenceCoverage="0" branchCoverage="0" crapScore="2" isConstructor="false" isStatic="false" isGetter="true" isSetter="false">
              <Summary numSequencePoints="1" visitedSequencePoints="0" numBranchPoints="1" visitedBranchPoints="0" sequenceCoverage="0" branchCoverage="0" maxCyclomaticComplexity="1" minCyclomaticComplexity="1" maxCrapScore="2" minCrapScore="2" visitedClasses="0" numClasses="0" visitedMethods="0" numMethods="1" />
              <MetadataToken>100663463</MetadataToken>
              <Name>System.Collections.Generic.ICollection`1&lt;DAL.Entities.BookGenre&gt; DAL.Entities.Genre::get_BookGenres()</Name>
              <FileRef uid="77" />
              <SequencePoints>
                <SequencePoint vc="0" uspid="591" ordinal="0" offset="0" sl="11" sc="52" el="11" ec="56" bec="0" bev="0" fileid="77" />
              </SequencePoints>
              <BranchPoints />
              <MethodPoint xsi:type="SequencePoint" vc="0" uspid="591" ordinal="0" offset="0" sl="11" sc="52" el="11" ec="56" bec="0" bev="0" fileid="77" />
            </Method>
            <Method visited="false" cyclomaticComplexity="1" nPathComplexity="0" sequenceCoverage="0" branchCoverage="0" crapScore="2" isConstructor="false" isStatic="false" isGetter="false" isSetter="true">
              <Summary numSequencePoints="1" visitedSequencePoints="0" numBranchPoints="1" visitedBranchPoints="0" sequenceCoverage="0" branchCoverage="0" maxCyclomaticComplexity="1" minCyclomaticComplexity="1" maxCrapScore="2" minCrapScore="2" visitedClasses="0" numClasses="0" visitedMethods="0" numMethods="1" />
              <MetadataToken>100663464</MetadataToken>
              <Name>System.Void DAL.Entities.Genre::set_BookGenres(System.Collections.Generic.ICollection`1&lt;DAL.Entities.BookGenre&gt;)</Name>
              <FileRef uid="77" />
              <SequencePoints>
                <SequencePoint vc="0" uspid="592" ordinal="0" offset="0" sl="11" sc="57" el="11" ec="61" bec="0" bev="0" fileid="77" />
              </SequencePoints>
              <BranchPoints />
              <MethodPoint xsi:type="SequencePoint" vc="0" uspid="592" ordinal="0" offset="0" sl="11" sc="57" el="11" ec="61" bec="0" bev="0" fileid="77" />
            </Method>
            <Method visited="false" cyclomaticComplexity="1" nPathComplexity="0" sequenceCoverage="0" branchCoverage="0" crapScore="2" isConstructor="true" isStatic="false" isGetter="false" isSetter="false">
              <Summary numSequencePoints="0" visitedSequencePoints="0" numBranchPoints="0" visitedBranchPoints="0" sequenceCoverage="0" branchCoverage="0" maxCyclomaticComplexity="1" minCyclomaticComplexity="1" maxCrapScore="2" minCrapScore="2" visitedClasses="0" numClasses="0" visitedMethods="0" numMethods="0" />
              <MetadataToken>100663465</MetadataToken>
              <Name>System.Void DAL.Entities.Genre::.ctor()</Name>
              <SequencePoints />
              <BranchPoints />
              <MethodPoint vc="0" uspid="593" ordinal="0" offset="0" />
            </Method>
          </Methods>
        </Class>
      </Classes>
    </Module>
    <Module skippedDueTo="Filter" hash="84-05-62-D0-66-EC-A8-8B-13-0C-28-0B-67-25-E5-73-BA-D8-FB-7A">
      <ModulePath>C:\Program Files\dotnet\shared\Microsoft.NETCore.App\3.1.9\System.IO.FileSystem.Primitives.dll</ModulePath>
      <ModuleTime>2020-09-23T10:07:04Z</ModuleTime>
      <ModuleName>System.IO.FileSystem.Primitives</ModuleName>
      <Classes />
    </Module>
    <Module skippedDueTo="MissingPdb" hash="F9-98-4E-16-F5-4F-49-2D-D1-AC-68-C1-FC-C7-F5-9A-24-8C-51-53">
      <ModulePath>F:\Desktop\library\Tests\bin\Debug\netcoreapp3.1\Microsoft.VisualStudio.TestPlatform.TestFramework.Extensions.dll</ModulePath>
      <ModuleTime>2020-04-01T03:48:50Z</ModuleTime>
      <ModuleName>Microsoft.VisualStudio.TestPlatform.TestFramework.Extensions</ModuleName>
      <Classes />
    </Module>
    <Module skippedDueTo="Filter" hash="29-23-20-63-FA-C8-B6-84-BC-B1-E8-3A-4B-56-91-93-57-61-9F-A2">
      <ModulePath>C:\Program Files\dotnet\shared\Microsoft.NETCore.App\3.1.9\System.Collections.Concurrent.dll</ModulePath>
      <ModuleTime>2020-09-23T10:06:52Z</ModuleTime>
      <ModuleName>System.Collections.Concurrent</ModuleName>
      <Classes />
    </Module>
    <Module skippedDueTo="Filter" hash="6A-1A-F8-09-3E-65-B3-2B-31-94-4A-F3-55-45-E2-16-3B-65-AC-40">
      <ModulePath>C:\Program Files\dotnet\shared\Microsoft.NETCore.App\3.1.9\System.Diagnostics.TextWriterTraceListener.dll</ModulePath>
      <ModuleTime>2020-09-23T10:06:58Z</ModuleTime>
      <ModuleName>System.Diagnostics.TextWriterTraceListener</ModuleName>
      <Classes />
    </Module>
    <Module skippedDueTo="Filter" hash="5A-DE-0A-86-0A-77-E3-B9-CB-A9-02-72-0F-43-5F-CE-F5-E5-BF-EF">
      <ModulePath>C:\Program Files\dotnet\shared\Microsoft.NETCore.App\3.1.9\System.Console.dll</ModulePath>
      <ModuleTime>2020-09-23T10:06:58Z</ModuleTime>
      <ModuleName>System.Console</ModuleName>
      <Classes />
    </Module>
    <Module skippedDueTo="Filter" hash="13-FE-6A-C3-3C-81-0A-11-D1-36-9B-9E-F0-0C-1D-95-AD-15-73-78">
      <ModulePath>F:\Desktop\library\Tests\bin\Debug\netcoreapp3.1\Moq.dll</ModulePath>
      <ModuleTime>2020-11-26T18:36:50Z</ModuleTime>
      <ModuleName>Moq</ModuleName>
      <Classes />
    </Module>
    <Module skippedDueTo="MissingPdb" hash="11-E1-F3-42-70-94-37-E3-0F-E8-A6-62-84-EB-11-36-0D-CA-A8-89">
      <ModulePath>F:\Desktop\library\Tests\bin\Debug\netcoreapp3.1\AutoMapper.dll</ModulePath>
      <ModuleTime>2019-08-12T09:42:04Z</ModuleTime>
      <ModuleName>AutoMapper</ModuleName>
      <Classes />
    </Module>
    <Module skippedDueTo="Filter" hash="2D-7B-57-C9-3B-8B-A8-FA-AD-3F-56-10-0B-B0-1A-DC-5F-A2-6D-61">
      <ModulePath>C:\Program Files\dotnet\shared\Microsoft.NETCore.App\3.1.9\System.Threading.Tasks.Extensions.dll</ModulePath>
      <ModuleTime>2020-09-23T10:07:08Z</ModuleTime>
      <ModuleName>System.Threading.Tasks.Extensions</ModuleName>
      <Classes />
    </Module>
    <Module skippedDueTo="MissingPdb" hash="1B-C8-5E-15-86-C8-33-45-A1-6A-73-C1-FC-AD-DF-63-1C-24-B8-23">
      <ModulePath>F:\Desktop\library\Tests\bin\Debug\netcoreapp3.1\Castle.Core.dll</ModulePath>
      <ModuleTime>2019-04-04T22:50:28Z</ModuleTime>
      <ModuleName>Castle.Core</ModuleName>
      <Classes />
    </Module>
    <Module skippedDueTo="Filter" hash="16-F9-40-EA-F5-BC-4D-8B-A3-AD-45-79-BC-8F-99-B7-FC-2D-8D-9E">
      <ModulePath>C:\Program Files\dotnet\shared\Microsoft.NETCore.App\3.1.9\System.Reflection.TypeExtensions.dll</ModulePath>
      <ModuleTime>2020-09-23T10:06:58Z</ModuleTime>
      <ModuleName>System.Reflection.TypeExtensions</ModuleName>
      <Classes />
    </Module>
    <Module skippedDueTo="Filter" hash="D4-62-4F-98-0A-28-8A-AC-F7-65-3D-0A-50-4B-88-19-E5-E2-4B-88">
      <ModulePath>C:\Program Files\dotnet\shared\Microsoft.NETCore.App\3.1.9\System.Reflection.Emit.dll</ModulePath>
      <ModuleTime>2020-09-23T10:06:54Z</ModuleTime>
      <ModuleName>System.Reflection.Emit</ModuleName>
      <Classes />
    </Module>
    <Module skippedDueTo="MissingPdb" hash="">
      <ModulePath>RefEmit_InMemoryManifestModule</ModulePath>
      <ModuleTime>0001-01-01T00:00:00</ModuleTime>
      <ModuleName>DynamicProxyGenAssembly2</ModuleName>
      <Classes />
    </Module>
    <Module skippedDueTo="MissingPdb" hash="C2-DB-6C-7B-6F-A6-C9-F8-E0-E7-BD-FA-A1-17-A4-80-91-FF-24-D1">
      <ModulePath>F:\Desktop\library\Tests\bin\Debug\netcoreapp3.1\Microsoft.Extensions.Identity.Stores.dll</ModulePath>
      <ModuleTime>2019-09-15T18:04:30Z</ModuleTime>
      <ModuleName>Microsoft.Extensions.Identity.Stores</ModuleName>
      <Classes />
    </Module>
    <Module skippedDueTo="MissingPdb" hash="">
      <ModulePath>RefEmit_InMemoryManifestModule</ModulePath>
      <ModuleTime>0001-01-01T00:00:00</ModuleTime>
      <ModuleName>DynamicProxyGenAssembly2</ModuleName>
      <Classes />
    </Module>
    <Module skippedDueTo="Filter" hash="AB-E2-A2-F6-B1-60-6B-31-62-3B-B1-75-3F-AE-15-5A-7B-2C-1D-93">
      <ModulePath>C:\Program Files\dotnet\shared\Microsoft.NETCore.App\3.1.9\System.Security.Cryptography.Primitives.dll</ModulePath>
      <ModuleTime>2020-09-23T10:07:00Z</ModuleTime>
      <ModuleName>System.Security.Cryptography.Primitives</ModuleName>
      <Classes />
    </Module>
    <Module skippedDueTo="MissingPdb" hash="80-40-BF-BD-20-3E-0F-4A-3E-B6-3F-77-9F-58-81-24-B9-DF-08-AB">
      <ModulePath>C:\WINDOWS\Microsoft.Net\assembly\GAC_MSIL\SMDiagnostics\v4.0_4.0.0.0__b77a5c561934e089\SMDiagnostics.dll</ModulePath>
      <ModuleTime>2020-08-05T02:39:55.9298663Z</ModuleTime>
      <ModuleName>SMDiagnostics</ModuleName>
      <Classes />
    </Module>
    <Module skippedDueTo="Filter" hash="65-32-21-56-AF-4E-2A-1B-63-AA-5B-0C-6F-33-E5-30-CE-22-79-8B">
      <ModulePath>C:\WINDOWS\Microsoft.Net\assembly\GAC_MSIL\System.ServiceModel.Internals\v4.0_4.0.0.0__31bf3856ad364e35\System.ServiceModel.Internals.dll</ModulePath>
      <ModuleTime>2020-08-05T02:39:55.9298663Z</ModuleTime>
      <ModuleName>System.ServiceModel.Internals</ModuleName>
      <Classes />
    </Module>
  </Modules>
</CoverageSession>